[2015-02-08 13:13:49] START
[2015-02-08 13:14:18] CREATE tables.py: 0
[2015-02-08 13:33:28] EDIT happy_place/models/tables.py: 11
[2015-02-08 13:35:37] EDIT happy_place/models/tables.py: 0
[2015-02-08 13:35:38] EDIT happy_place/models/tables.py: 0
[2015-02-08 13:35:39] EDIT happy_place/models/tables.py: 0
[2015-02-08 13:35:45] EDIT happy_place/models/tables.py: 0
[2015-02-08 13:37:27] EDIT happy_place/models/tables.py: 0
[2015-02-08 13:41:11] EDIT happy_place/models/tables.py: 1
[2015-02-08 13:41:46] EDIT happy_place/models/tables.py: 0
[2015-02-08 13:41:48] EDIT happy_place/models/tables.py: 0
[2015-02-08 13:42:08] EDIT happy_place/models/tables.py: 0
[2015-02-08 13:52:19] EDIT happy_place/controllers/default.py: 10
[2015-02-08 13:53:20] EDIT happy_place/controllers/default.py: 0
[2015-02-08 13:54:31] EDIT happy_place/models/tables.py: 0
[2015-02-08 13:55:35] EDIT happy_place/views/default/index.html: 0
[2015-02-08 13:55:45] EDIT happy_place/views/default/index.html: 0
[2015-02-08 13:56:21] EDIT happy_place/controllers/default.py: 0
[2015-02-08 13:56:43] EDIT happy_place/views/default/index.html: 0
[2015-02-08 13:56:50] EDIT happy_place/views/default/index.html: 0
[2015-02-10 09:03:31] EDIT happy_place/controllers/default.py: 1
[2015-02-10 09:04:15] EDIT happy_place/views/default/index.html: 0
[2015-02-10 09:04:15] EDIT happy_place/views/default/index.html: 0
[2015-02-10 09:05:00] EDIT happy_place/views/default/index.html: -9
[2015-02-10 09:12:00] EDIT happy_place/controllers/default.py: 1
[2015-02-10 09:13:49] EDIT happy_place/views/default/index.html: -14
[2015-02-10 09:14:56] EDIT happy_place/views/default/index.html: 11
[2015-02-10 09:15:24] EDIT happy_place/views/default/index.html: 0
[2015-02-10 09:15:52] EDIT happy_place/views/default/index.html: -1
[2015-02-10 09:18:22] EDIT happy_place/views/default/index.html: 0
[2015-02-10 09:20:28] EDIT happy_place/views/default/index.html: 0
[2015-02-10 09:21:03] CREATE default/view.html: 0
[2015-02-10 09:22:00] EDIT happy_place/views/default/view.html: 2
[2015-02-10 09:22:59] EDIT happy_place/controllers/default.py: 5
[2015-02-10 09:23:48] EDIT happy_place/models/tables.py: 1
[2015-02-10 09:24:28] EDIT happy_place/controllers/default.py: -5
[2015-02-10 09:26:16] EDIT happy_place/views/default/view.html: 3
[2015-02-10 09:28:24] EDIT happy_place/controllers/default.py: 3
[2015-02-10 09:29:03] CREATE default/edit.html: 0
[2015-02-10 09:30:04] EDIT happy_place/views/default/edit.html: 0
[2015-02-10 09:31:16] EDIT happy_place/views/default/view.html: 2
[2015-02-10 09:31:38] EDIT happy_place/views/default/view.html: 0
[2015-02-10 09:31:57] EDIT happy_place/views/default/view.html: 0
[2015-02-10 09:32:12] EDIT happy_place/views/default/view.html: 0
[2015-02-10 09:32:58] EDIT happy_place/views/default/view.html: 0
[2015-02-10 09:40:41] EDIT happy_place/controllers/default.py: -1
[2015-02-10 09:42:56] EDIT happy_place/models/tables.py: 1
[2015-02-10 09:44:04] EDIT happy_place/models/tables.py: 0
[2015-02-10 09:44:43] EDIT happy_place/models/tables.py: -1
[2015-02-10 09:44:52] EDIT happy_place/models/tables.py: 0
[2015-02-10 09:45:26] EDIT happy_place/views/default/view.html: 0
[2015-02-10 09:45:39] EDIT happy_place/views/default/view.html: 0
[2015-02-10 09:47:16] EDIT happy_place/views/default/view.html: 0
[2015-02-12 10:43:58] EDIT happy_place/views/default/index.html: 0
[2015-02-12 10:44:09] EDIT happy_place/views/default/index.html: 0
[2015-02-12 10:53:05] EDIT happy_place/controllers/default.py: 0
[2015-02-12 10:53:46] EDIT happy_place/controllers/default.py: 0
[2015-02-12 10:53:57] EDIT happy_place/controllers/default.py: 0
[2015-02-12 12:06:28] EDIT happy_place/views/default/edit.html: 1
[2015-02-12 12:10:28] EDIT happy_place/models/tables.py: 1
[2015-02-12 12:12:34] EDIT happy_place/models/tables.py: 0
[2015-02-12 12:15:50] EDIT happy_place/models/tables.py: 0
[2015-02-12 12:16:31] EDIT happy_place/models/tables.py: 0
[2015-02-12 12:16:37] EDIT happy_place/models/tables.py: 0
[2015-02-12 12:17:52] EDIT happy_place/models/tables.py: 0
[2015-02-12 12:25:46] EDIT happy_place/models/tables.py: 0
[2015-02-12 12:26:06] EDIT happy_place/models/tables.py: 0
[2015-02-12 12:26:26] EDIT happy_place/models/tables.py: 1
[2015-02-12 12:26:59] EDIT happy_place/models/tables.py: 0
[2015-02-12 12:30:43] EDIT happy_place/models/tables.py: 0
[2015-02-12 12:40:23] EDIT happy_place/models/tables.py: 0
[2015-02-12 12:41:33] EDIT happy_place/models/tables.py: 1
[2015-02-12 12:41:44] EDIT happy_place/models/tables.py: 0
[2015-02-12 12:42:20] EDIT happy_place/models/tables.py: 0
[2015-02-12 12:42:32] EDIT happy_place/models/tables.py: 0
[2015-02-12 12:42:47] EDIT happy_place/models/tables.py: 0
[2015-02-12 12:48:57] EDIT happy_place/models/tables.py: 1
[2015-02-12 12:49:03] EDIT happy_place/models/tables.py: -1
[2015-02-12 12:49:05] EDIT happy_place/models/tables.py: 0
[2015-02-12 12:49:17] EDIT happy_place/models/tables.py: 0
[2015-02-12 12:49:20] EDIT happy_place/models/tables.py: 0
[2015-02-12 12:49:39] EDIT happy_place/models/tables.py: 0
[2015-02-12 12:49:59] EDIT happy_place/models/tables.py: 0
[2015-02-12 12:50:39] EDIT happy_place/models/tables.py: 0
[2015-02-12 12:56:43] EDIT happy_place/controllers/default.py: 0
[2015-02-12 12:57:04] EDIT happy_place/controllers/default.py: 0
[2015-02-12 12:59:54] EDIT happy_place/controllers/default.py: 0
[2015-02-12 13:00:18] EDIT happy_place/controllers/default.py: 0
[2015-02-12 13:00:53] EDIT happy_place/controllers/default.py: 0
[2015-02-12 13:01:06] EDIT happy_place/controllers/default.py: 0
[2015-02-12 13:02:34] EDIT happy_place/controllers/default.py: 0
[2015-02-12 13:04:46] EDIT happy_place/controllers/default.py: 0
[2015-02-12 13:16:19] EDIT happy_place/models/db.py: 5
[2015-02-12 13:16:23] EDIT happy_place/models/db.py: 0
[2015-02-12 13:17:27] EDIT happy_place/models/db.py: 0
[2015-02-12 14:12:29] EDIT happy_place/controllers/default.py: 0
[2015-02-12 14:12:45] EDIT happy_place/controllers/default.py: 0
[2015-02-12 14:14:22] EDIT happy_place/controllers/default.py: 0
[2015-02-13 21:05:33] EDIT happy_place/views/layout.html: -22
[2015-02-13 21:12:52] CREATE js/script.js: 0
[2015-02-13 21:13:13] EDIT happy_place/static/js/script.js: 118
[2015-02-13 21:13:55] CREATE css/styles.css: 0
[2015-02-13 21:14:20] EDIT happy_place/static/css/styles.css: 120
[2015-02-13 21:14:34] CREATE css/font.css: 0
[2015-02-13 21:14:49] EDIT happy_place/static/css/font.css: 16
[2015-02-13 21:15:32] EDIT happy_place/views/layout.html: 10
[2015-02-13 21:16:05] EDIT happy_place/views/layout.html: 3
[2015-02-13 21:17:14] EDIT happy_place/views/layout.html: 0
[2015-02-13 21:17:46] EDIT happy_place/views/layout.html: 0
[2015-02-13 21:18:17] EDIT happy_place/views/layout.html: 0
[2015-02-13 21:19:09] DELETE happy_place/static/js/script.js: -118
[2015-02-13 21:20:00] CREATE nav_script.js: 0
[2015-02-13 21:20:12] DELETE happy_place/static/nav_script.js: 0
[2015-02-13 21:20:28] CREATE js/nav_script.js: 0
[2015-02-13 21:20:57] EDIT happy_place/static/js/nav_script.js: 118
[2015-02-13 21:21:19] EDIT happy_place/views/layout.html: 0
[2015-02-13 21:21:31] EDIT happy_place/views/layout.html: 0
[2015-02-13 21:21:34] EDIT happy_place/views/layout.html: 0
[2015-02-13 21:21:52] EDIT happy_place/views/layout.html: 0
[2015-02-13 21:23:15] EDIT happy_place/static/js/nav_script.js: 0
[2015-02-13 21:25:26] EDIT happy_place/static/js/nav_script.js: 0
[2015-02-13 21:27:26] EDIT happy_place/views/layout.html: 0
[2015-02-13 21:28:25] EDIT happy_place/views/layout.html: 0
[2015-02-13 21:28:35] EDIT happy_place/views/layout.html: 0
[2015-02-13 21:28:56] EDIT happy_place/views/layout.html: 0
[2015-02-13 21:30:32] CREATE js/jquery_latest.min.js: 0
[2015-02-13 21:30:45] EDIT happy_place/static/js/jquery_latest.min.js: 8
[2015-02-13 21:31:18] EDIT happy_place/views/layout.html: 0
[2015-02-13 21:31:36] EDIT happy_place/views/layout.html: 0
[2015-02-13 21:31:43] EDIT happy_place/views/layout.html: 0
[2015-02-13 21:37:50] EDIT happy_place/views/layout.html: 0
[2015-02-13 21:37:58] EDIT happy_place/views/layout.html: 0
[2015-02-13 21:41:13] EDIT happy_place/views/layout.html: 0
[2015-02-13 21:42:08] EDIT happy_place/views/layout.html: -1
[2015-02-13 21:47:48] EDIT happy_place/static/css/styles.css: 0
[2015-02-13 21:48:01] EDIT happy_place/static/css/styles.css: 0
[2015-02-13 21:48:19] EDIT happy_place/static/css/styles.css: 0
[2015-02-13 21:48:29] EDIT happy_place/static/css/styles.css: 0
[2015-02-13 21:48:33] EDIT happy_place/static/css/styles.css: 0
[2015-02-13 21:48:45] EDIT happy_place/static/css/styles.css: 0
[2015-02-13 21:48:58] EDIT happy_place/static/css/styles.css: 0
[2015-02-13 21:49:11] EDIT happy_place/static/css/styles.css: 0
[2015-02-13 21:49:55] EDIT happy_place/views/layout.html: 0
[2015-02-13 21:50:13] EDIT happy_place/views/layout.html: 0
[2015-02-13 22:07:29] EDIT happy_place/views/layout.html: 0
[2015-02-13 22:07:53] EDIT happy_place/views/layout.html: -1
[2015-02-13 22:20:29] UPLOAD C:/Users/USER/Documents/web2py/applications/happy_place/static/images/ex_logo: 32
[2015-02-13 22:22:04] EDIT happy_place/views/layout.html: 2
[2015-02-13 22:22:21] EDIT happy_place/views/layout.html: 0
[2015-02-13 22:22:40] EDIT happy_place/views/layout.html: 0
[2015-02-13 22:22:47] EDIT happy_place/views/layout.html: 0
[2015-02-13 22:22:54] EDIT happy_place/views/layout.html: 0
[2015-02-13 22:23:49] EDIT happy_place/views/layout.html: 0
[2015-02-13 22:24:36] EDIT happy_place/views/layout.html: 0
[2015-02-13 22:25:36] EDIT happy_place/views/layout.html: 0
[2015-02-13 22:28:14] DELETE happy_place/static/images/ex_logo: -5
[2015-02-13 22:28:37] UPLOAD C:/Users/USER/Documents/web2py/applications/happy_place/static/images/ex_logo.jpg: 32
[2015-02-13 22:28:56] EDIT happy_place/views/layout.html: 0
[2015-02-13 22:29:08] EDIT happy_place/views/layout.html: 0
[2015-02-13 22:29:45] EDIT happy_place/views/layout.html: 0
[2015-02-13 22:29:48] EDIT happy_place/views/layout.html: 0
[2015-02-13 22:30:20] EDIT happy_place/views/layout.html: 0
[2015-02-13 22:30:25] EDIT happy_place/views/layout.html: 0
[2015-02-13 22:31:03] EDIT happy_place/views/layout.html: 1
[2015-02-13 22:32:20] EDIT happy_place/views/layout.html: -1
[2015-02-13 22:32:51] EDIT happy_place/views/layout.html: 0
[2015-02-13 22:35:06] EDIT happy_place/views/layout.html: -1
[2015-02-13 22:35:25] EDIT happy_place/views/layout.html: 0
[2015-02-13 22:39:19] DELETE happy_place/static/images/ex_logo.jpg: -5
[2015-02-13 22:39:33] UPLOAD C:/Users/USER/Documents/web2py/applications/happy_place/static/p_logo.png: 17
[2015-02-13 22:39:38] DELETE happy_place/static/p_logo.png: -1
[2015-02-13 22:39:56] UPLOAD C:/Users/USER/Documents/web2py/applications/happy_place/static/images/p_logo.png: 17
[2015-02-13 22:40:14] EDIT happy_place/views/layout.html: 0
[2015-02-13 22:40:33] EDIT happy_place/views/layout.html: 1
[2015-02-13 22:40:58] EDIT happy_place/views/layout.html: 0
[2015-02-13 22:41:48] EDIT happy_place/views/layout.html: -1
[2015-02-13 22:41:51] EDIT happy_place/views/layout.html: 0
[2015-02-13 22:43:38] EDIT happy_place/views/layout.html: 0
[2015-02-13 22:44:00] EDIT happy_place/views/layout.html: 0
[2015-02-13 22:44:39] EDIT happy_place/views/layout.html: 0
[2015-02-13 22:45:02] EDIT happy_place/views/layout.html: 0
[2015-02-13 22:45:32] EDIT happy_place/views/layout.html: 0
[2015-02-13 22:45:45] EDIT happy_place/views/layout.html: 0
[2015-02-13 22:46:12] EDIT happy_place/views/layout.html: 0
[2015-02-13 22:46:22] EDIT happy_place/views/layout.html: 0
[2015-02-13 22:46:34] EDIT happy_place/views/layout.html: 0
[2015-02-13 23:12:23] EDIT happy_place/views/layout.html: 0
[2015-02-17 10:29:06] EDIT happy_place/views/layout.html: 0
[2015-02-17 10:32:52] EDIT happy_place/views/layout.html: 0
[2015-02-17 10:33:29] EDIT happy_place/views/layout.html: 0
