timestamp: 2015-02-08T13:53:37.129000
CREATE TABLE auth_user(
    id INTEGER PRIMARY KEY AUTOINCREMENT,
    first_name CHAR(128),
    last_name CHAR(128),
    email CHAR(512),
    password CHAR(512),
    registration_key CHAR(512),
    reset_password_key CHAR(512),
    registration_id CHAR(512)
);
success!
timestamp: 2015-02-08T13:53:37.260000
CREATE TABLE auth_group(
    id INTEGER PRIMARY KEY AUTOINCREMENT,
    role CHAR(512),
    description TEXT
);
success!
timestamp: 2015-02-08T13:53:37.409000
CREATE TABLE auth_membership(
    id INTEGER PRIMARY KEY AUTOINCREMENT,
    user_id INTEGER REFERENCES auth_user (id) ON DELETE CASCADE,
    group_id INTEGER REFERENCES auth_group (id) ON DELETE CASCADE
);
success!
timestamp: 2015-02-08T13:53:37.552000
CREATE TABLE auth_permission(
    id INTEGER PRIMARY KEY AUTOINCREMENT,
    group_id INTEGER REFERENCES auth_group (id) ON DELETE CASCADE,
    name CHAR(512),
    table_name CHAR(512),
    record_id INTEGER
);
success!
timestamp: 2015-02-08T13:53:37.687000
CREATE TABLE auth_event(
    id INTEGER PRIMARY KEY AUTOINCREMENT,
    time_stamp TIMESTAMP,
    client_ip CHAR(512),
    user_id INTEGER REFERENCES auth_user (id) ON DELETE CASCADE,
    origin CHAR(512),
    description TEXT
);
success!
timestamp: 2015-02-08T13:53:37.825000
CREATE TABLE auth_cas(
    id INTEGER PRIMARY KEY AUTOINCREMENT,
    user_id INTEGER REFERENCES auth_user (id) ON DELETE CASCADE,
    created_on TIMESTAMP,
    service CHAR(512),
    ticket CHAR(512),
    renew CHAR(1)
);
success!
timestamp: 2015-02-08T13:53:37.977000
CREATE TABLE restaurant(
    id INTEGER PRIMARY KEY AUTOINCREMENT,
    city CHAR(512),
    zipcode INTEGER,
    name CHAR(512),
    hours CHAR(512),
    phone CHAR(512),
    address CHAR(512),
    specials CHAR(512),
    website CHAR(512)
);
success!
timestamp: 2015-02-10T09:43:15.168000
ALTER TABLE restaurant ADD restid INTEGER PRIMARY KEY AUTOINCREMENT;
timestamp: 2015-02-10T09:44:06.705000
ALTER TABLE restaurant ADD restid INTEGER PRIMARY KEY AUTOINCREMENT;
success!
success!
success!
timestamp: 2015-02-12T13:16:54.396000
ALTER TABLE auth_user ADD city CHAR(512);
timestamp: 2015-02-12T13:16:54.516000
ALTER TABLE auth_user ADD zip CHAR(512);
timestamp: 2015-02-12T13:16:54.586000
ALTER TABLE auth_user ADD phone CHAR(512);
timestamp: 2015-02-12T13:16:54.686000
ALTER TABLE auth_user ADD address CHAR(512);
success!
