[2015-02-08 13:13:49] START
[2015-02-08 13:14:18] CREATE tables.py: 0
[2015-02-08 13:33:28] EDIT happy_place/models/tables.py: 11
[2015-02-08 13:35:37] EDIT happy_place/models/tables.py: 0
[2015-02-08 13:35:38] EDIT happy_place/models/tables.py: 0
[2015-02-08 13:35:39] EDIT happy_place/models/tables.py: 0
[2015-02-08 13:35:45] EDIT happy_place/models/tables.py: 0
[2015-02-08 13:37:27] EDIT happy_place/models/tables.py: 0
[2015-02-08 13:41:11] EDIT happy_place/models/tables.py: 1
[2015-02-08 13:41:46] EDIT happy_place/models/tables.py: 0
[2015-02-08 13:41:48] EDIT happy_place/models/tables.py: 0
[2015-02-08 13:42:08] EDIT happy_place/models/tables.py: 0
[2015-02-08 13:52:19] EDIT happy_place/controllers/default.py: 10
[2015-02-08 13:53:20] EDIT happy_place/controllers/default.py: 0
[2015-02-08 13:54:31] EDIT happy_place/models/tables.py: 0
[2015-02-08 13:55:35] EDIT happy_place/views/default/index.html: 0
[2015-02-08 13:55:45] EDIT happy_place/views/default/index.html: 0
[2015-02-08 13:56:21] EDIT happy_place/controllers/default.py: 0
[2015-02-08 13:56:43] EDIT happy_place/views/default/index.html: 0
[2015-02-08 13:56:50] EDIT happy_place/views/default/index.html: 0
[2015-02-10 09:03:31] EDIT happy_place/controllers/default.py: 1
[2015-02-10 09:04:15] EDIT happy_place/views/default/index.html: 0
[2015-02-10 09:04:15] EDIT happy_place/views/default/index.html: 0
[2015-02-10 09:05:00] EDIT happy_place/views/default/index.html: -9
[2015-02-10 09:12:00] EDIT happy_place/controllers/default.py: 1
[2015-02-10 09:13:49] EDIT happy_place/views/default/index.html: -14
[2015-02-10 09:14:56] EDIT happy_place/views/default/index.html: 11
[2015-02-10 09:15:24] EDIT happy_place/views/default/index.html: 0
[2015-02-10 09:15:52] EDIT happy_place/views/default/index.html: -1
[2015-02-10 09:18:22] EDIT happy_place/views/default/index.html: 0
[2015-02-10 09:20:28] EDIT happy_place/views/default/index.html: 0
[2015-02-10 09:21:03] CREATE default/view.html: 0
[2015-02-10 09:22:00] EDIT happy_place/views/default/view.html: 2
[2015-02-10 09:22:59] EDIT happy_place/controllers/default.py: 5
[2015-02-10 09:23:48] EDIT happy_place/models/tables.py: 1
[2015-02-10 09:24:28] EDIT happy_place/controllers/default.py: -5
[2015-02-10 09:26:16] EDIT happy_place/views/default/view.html: 3
[2015-02-10 09:28:24] EDIT happy_place/controllers/default.py: 3
[2015-02-10 09:29:03] CREATE default/edit.html: 0
[2015-02-10 09:30:04] EDIT happy_place/views/default/edit.html: 0
[2015-02-10 09:31:16] EDIT happy_place/views/default/view.html: 2
[2015-02-10 09:31:38] EDIT happy_place/views/default/view.html: 0
[2015-02-10 09:31:57] EDIT happy_place/views/default/view.html: 0
[2015-02-10 09:32:12] EDIT happy_place/views/default/view.html: 0
[2015-02-10 09:32:58] EDIT happy_place/views/default/view.html: 0
[2015-02-10 09:40:41] EDIT happy_place/controllers/default.py: -1
[2015-02-10 09:42:56] EDIT happy_place/models/tables.py: 1
[2015-02-10 09:44:04] EDIT happy_place/models/tables.py: 0
[2015-02-10 09:44:43] EDIT happy_place/models/tables.py: -1
[2015-02-10 09:44:52] EDIT happy_place/models/tables.py: 0
[2015-02-10 09:45:26] EDIT happy_place/views/default/view.html: 0
[2015-02-10 09:45:39] EDIT happy_place/views/default/view.html: 0
[2015-02-10 09:47:16] EDIT happy_place/views/default/view.html: 0
[2015-02-12 10:43:58] EDIT happy_place/views/default/index.html: 0
[2015-02-12 10:44:09] EDIT happy_place/views/default/index.html: 0
[2015-02-12 10:53:05] EDIT happy_place/controllers/default.py: 0
[2015-02-12 10:53:46] EDIT happy_place/controllers/default.py: 0
[2015-02-12 10:53:57] EDIT happy_place/controllers/default.py: 0
[2015-02-12 12:06:28] EDIT happy_place/views/default/edit.html: 1
[2015-02-12 12:10:28] EDIT happy_place/models/tables.py: 1
[2015-02-12 12:12:34] EDIT happy_place/models/tables.py: 0
[2015-02-12 12:15:50] EDIT happy_place/models/tables.py: 0
[2015-02-12 12:16:31] EDIT happy_place/models/tables.py: 0
[2015-02-12 12:16:37] EDIT happy_place/models/tables.py: 0
[2015-02-12 12:17:52] EDIT happy_place/models/tables.py: 0
[2015-02-12 12:25:46] EDIT happy_place/models/tables.py: 0
[2015-02-12 12:26:06] EDIT happy_place/models/tables.py: 0
[2015-02-12 12:26:26] EDIT happy_place/models/tables.py: 1
[2015-02-12 12:26:59] EDIT happy_place/models/tables.py: 0
[2015-02-12 12:30:43] EDIT happy_place/models/tables.py: 0
[2015-02-12 12:40:23] EDIT happy_place/models/tables.py: 0
[2015-02-12 12:41:33] EDIT happy_place/models/tables.py: 1
[2015-02-12 12:41:44] EDIT happy_place/models/tables.py: 0
[2015-02-12 12:42:20] EDIT happy_place/models/tables.py: 0
[2015-02-12 12:42:32] EDIT happy_place/models/tables.py: 0
[2015-02-12 12:42:47] EDIT happy_place/models/tables.py: 0
[2015-02-12 12:48:57] EDIT happy_place/models/tables.py: 1
[2015-02-12 12:49:03] EDIT happy_place/models/tables.py: -1
[2015-02-12 12:49:05] EDIT happy_place/models/tables.py: 0
[2015-02-12 12:49:17] EDIT happy_place/models/tables.py: 0
[2015-02-12 12:49:20] EDIT happy_place/models/tables.py: 0
[2015-02-12 12:49:39] EDIT happy_place/models/tables.py: 0
[2015-02-12 12:49:59] EDIT happy_place/models/tables.py: 0
[2015-02-12 12:50:39] EDIT happy_place/models/tables.py: 0
[2015-02-12 12:56:43] EDIT happy_place/controllers/default.py: 0
[2015-02-12 12:57:04] EDIT happy_place/controllers/default.py: 0
[2015-02-12 12:59:54] EDIT happy_place/controllers/default.py: 0
[2015-02-12 13:00:18] EDIT happy_place/controllers/default.py: 0
[2015-02-12 13:00:53] EDIT happy_place/controllers/default.py: 0
[2015-02-12 13:01:06] EDIT happy_place/controllers/default.py: 0
[2015-02-12 13:02:34] EDIT happy_place/controllers/default.py: 0
[2015-02-12 13:04:46] EDIT happy_place/controllers/default.py: 0
[2015-02-12 13:16:19] EDIT happy_place/models/db.py: 5
[2015-02-12 13:16:23] EDIT happy_place/models/db.py: 0
[2015-02-12 13:17:27] EDIT happy_place/models/db.py: 0
[2015-02-12 14:12:29] EDIT happy_place/controllers/default.py: 0
[2015-02-12 14:12:45] EDIT happy_place/controllers/default.py: 0
[2015-02-12 14:14:22] EDIT happy_place/controllers/default.py: 0
[2015-02-13 21:05:33] EDIT happy_place/views/layout.html: -22
[2015-02-13 21:12:52] CREATE js/script.js: 0
[2015-02-13 21:13:13] EDIT happy_place/static/js/script.js: 118
[2015-02-13 21:13:55] CREATE css/styles.css: 0
[2015-02-13 21:14:20] EDIT happy_place/static/css/styles.css: 120
[2015-02-13 21:14:34] CREATE css/font.css: 0
[2015-02-13 21:14:49] EDIT happy_place/static/css/font.css: 16
[2015-02-13 21:15:32] EDIT happy_place/views/layout.html: 10
[2015-02-13 21:16:05] EDIT happy_place/views/layout.html: 3
[2015-02-13 21:17:14] EDIT happy_place/views/layout.html: 0
[2015-02-13 21:17:46] EDIT happy_place/views/layout.html: 0
[2015-02-13 21:18:17] EDIT happy_place/views/layout.html: 0
[2015-02-13 21:19:09] DELETE happy_place/static/js/script.js: -118
[2015-02-13 21:20:00] CREATE nav_script.js: 0
[2015-02-13 21:20:12] DELETE happy_place/static/nav_script.js: 0
[2015-02-13 21:20:28] CREATE js/nav_script.js: 0
[2015-02-13 21:20:57] EDIT happy_place/static/js/nav_script.js: 118
[2015-02-13 21:21:19] EDIT happy_place/views/layout.html: 0
[2015-02-13 21:21:31] EDIT happy_place/views/layout.html: 0
[2015-02-13 21:21:34] EDIT happy_place/views/layout.html: 0
[2015-02-13 21:21:52] EDIT happy_place/views/layout.html: 0
[2015-02-13 21:23:15] EDIT happy_place/static/js/nav_script.js: 0
[2015-02-13 21:25:26] EDIT happy_place/static/js/nav_script.js: 0
[2015-02-13 21:27:26] EDIT happy_place/views/layout.html: 0
[2015-02-13 21:28:25] EDIT happy_place/views/layout.html: 0
[2015-02-13 21:28:35] EDIT happy_place/views/layout.html: 0
[2015-02-13 21:28:56] EDIT happy_place/views/layout.html: 0
[2015-02-13 21:30:32] CREATE js/jquery_latest.min.js: 0
[2015-02-13 21:30:45] EDIT happy_place/static/js/jquery_latest.min.js: 8
[2015-02-13 21:31:18] EDIT happy_place/views/layout.html: 0
[2015-02-13 21:31:36] EDIT happy_place/views/layout.html: 0
[2015-02-13 21:31:43] EDIT happy_place/views/layout.html: 0
[2015-02-13 21:37:50] EDIT happy_place/views/layout.html: 0
[2015-02-13 21:37:58] EDIT happy_place/views/layout.html: 0
[2015-02-13 21:41:13] EDIT happy_place/views/layout.html: 0
[2015-02-13 21:42:08] EDIT happy_place/views/layout.html: -1
[2015-02-13 21:47:48] EDIT happy_place/static/css/styles.css: 0
[2015-02-13 21:48:01] EDIT happy_place/static/css/styles.css: 0
[2015-02-13 21:48:19] EDIT happy_place/static/css/styles.css: 0
[2015-02-13 21:48:29] EDIT happy_place/static/css/styles.css: 0
[2015-02-13 21:48:33] EDIT happy_place/static/css/styles.css: 0
[2015-02-13 21:48:45] EDIT happy_place/static/css/styles.css: 0
[2015-02-13 21:48:58] EDIT happy_place/static/css/styles.css: 0
[2015-02-13 21:49:11] EDIT happy_place/static/css/styles.css: 0
[2015-02-13 21:49:55] EDIT happy_place/views/layout.html: 0
[2015-02-13 21:50:13] EDIT happy_place/views/layout.html: 0
[2015-02-13 22:07:29] EDIT happy_place/views/layout.html: 0
[2015-02-13 22:07:53] EDIT happy_place/views/layout.html: -1
[2015-02-13 22:20:29] UPLOAD C:/Users/USER/Documents/web2py/applications/happy_place/static/images/ex_logo: 32
[2015-02-13 22:22:04] EDIT happy_place/views/layout.html: 2
[2015-02-13 22:22:21] EDIT happy_place/views/layout.html: 0
[2015-02-13 22:22:40] EDIT happy_place/views/layout.html: 0
[2015-02-13 22:22:47] EDIT happy_place/views/layout.html: 0
[2015-02-13 22:22:54] EDIT happy_place/views/layout.html: 0
[2015-02-13 22:23:49] EDIT happy_place/views/layout.html: 0
[2015-02-13 22:24:36] EDIT happy_place/views/layout.html: 0
[2015-02-13 22:25:36] EDIT happy_place/views/layout.html: 0
[2015-02-13 22:28:14] DELETE happy_place/static/images/ex_logo: -5
[2015-02-13 22:28:37] UPLOAD C:/Users/USER/Documents/web2py/applications/happy_place/static/images/ex_logo.jpg: 32
[2015-02-13 22:28:56] EDIT happy_place/views/layout.html: 0
[2015-02-13 22:29:08] EDIT happy_place/views/layout.html: 0
[2015-02-13 22:29:45] EDIT happy_place/views/layout.html: 0
[2015-02-13 22:29:48] EDIT happy_place/views/layout.html: 0
[2015-02-13 22:30:20] EDIT happy_place/views/layout.html: 0
[2015-02-13 22:30:25] EDIT happy_place/views/layout.html: 0
[2015-02-13 22:31:03] EDIT happy_place/views/layout.html: 1
[2015-02-13 22:32:20] EDIT happy_place/views/layout.html: -1
[2015-02-13 22:32:51] EDIT happy_place/views/layout.html: 0
[2015-02-13 22:35:06] EDIT happy_place/views/layout.html: -1
[2015-02-13 22:35:25] EDIT happy_place/views/layout.html: 0
[2015-02-13 22:39:19] DELETE happy_place/static/images/ex_logo.jpg: -5
[2015-02-13 22:39:33] UPLOAD C:/Users/USER/Documents/web2py/applications/happy_place/static/p_logo.png: 17
[2015-02-13 22:39:38] DELETE happy_place/static/p_logo.png: -1
[2015-02-13 22:39:56] UPLOAD C:/Users/USER/Documents/web2py/applications/happy_place/static/images/p_logo.png: 17
[2015-02-13 22:40:14] EDIT happy_place/views/layout.html: 0
[2015-02-13 22:40:33] EDIT happy_place/views/layout.html: 1
[2015-02-13 22:40:58] EDIT happy_place/views/layout.html: 0
[2015-02-13 22:41:48] EDIT happy_place/views/layout.html: -1
[2015-02-13 22:41:51] EDIT happy_place/views/layout.html: 0
[2015-02-13 22:43:38] EDIT happy_place/views/layout.html: 0
[2015-02-13 22:44:00] EDIT happy_place/views/layout.html: 0
[2015-02-13 22:44:39] EDIT happy_place/views/layout.html: 0
[2015-02-13 22:45:02] EDIT happy_place/views/layout.html: 0
[2015-02-13 22:45:32] EDIT happy_place/views/layout.html: 0
[2015-02-13 22:45:45] EDIT happy_place/views/layout.html: 0
[2015-02-13 22:46:12] EDIT happy_place/views/layout.html: 0
[2015-02-13 22:46:22] EDIT happy_place/views/layout.html: 0
[2015-02-13 22:46:34] EDIT happy_place/views/layout.html: 0
[2015-02-13 23:12:23] EDIT happy_place/views/layout.html: 0
[2015-02-17 10:29:06] EDIT happy_place/views/layout.html: 0
[2015-02-17 10:32:52] EDIT happy_place/views/layout.html: 0
[2015-02-17 10:33:29] EDIT happy_place/views/layout.html: 0
[2015-02-17 11:40:10] EDIT happy_place/views/layout.html: 0
[2015-02-17 11:42:17] EDIT happy_place/views/layout.html: 0
[2015-02-17 11:42:37] EDIT happy_place/views/layout.html: -1
[2015-02-19 10:45:21] EDIT happy_place/models/tables.py: 0
[2015-02-19 11:03:24] EDIT happy_place/models/tables.py: 0
[2015-02-19 11:27:35] EDIT happy_place/controllers/default.py: 0
[2015-02-19 11:44:07] CREATE default/create.html: 0
[2015-02-19 11:44:50] EDIT happy_place/views/default/create.html: 0
[2015-02-19 11:53:41] EDIT happy_place/static/css/styles.css: 0
[2015-02-19 11:54:16] EDIT happy_place/static/css/styles.css: 0
[2015-02-19 11:54:41] EDIT happy_place/static/css/styles.css: 0
[2015-02-19 11:55:01] EDIT happy_place/static/css/styles.css: 0
[2015-02-19 11:55:13] EDIT happy_place/static/css/styles.css: 0
[2015-02-19 11:55:48] EDIT happy_place/static/css/styles.css: 0
[2015-02-19 11:56:13] EDIT happy_place/static/css/styles.css: 0
[2015-02-19 11:56:22] EDIT happy_place/static/css/styles.css: 0
[2015-02-19 11:56:38] EDIT happy_place/static/css/styles.css: 0
[2015-02-19 11:56:50] EDIT happy_place/static/css/styles.css: 0
[2015-02-19 11:57:33] EDIT happy_place/static/css/styles.css: 0
[2015-02-19 12:18:43] EDIT happy_place/controllers/default.py: 0
[2015-02-19 12:19:00] EDIT happy_place/controllers/default.py: 0
[2015-02-19 12:19:18] EDIT happy_place/controllers/default.py: 0
[2015-02-19 12:19:24] EDIT happy_place/controllers/default.py: -1
[2015-02-19 12:19:37] EDIT happy_place/controllers/default.py: 0
[2015-02-19 12:21:23] EDIT happy_place/controllers/default.py: 1
[2015-02-19 12:21:27] EDIT happy_place/controllers/default.py: 0
[2015-02-19 12:27:55] EDIT happy_place/views/layout.html: 0
[2015-02-19 12:29:28] EDIT happy_place/views/layout.html: 0
[2015-02-19 12:33:13] EDIT happy_place/views/layout.html: 0
[2015-02-19 12:37:30] EDIT happy_place/views/layout.html: 0
[2015-02-19 12:42:03] CREATE default/test.html: 0
[2015-02-19 12:42:22] EDIT happy_place/controllers/default.py: 3
[2015-02-19 12:42:36] EDIT happy_place/controllers/default.py: 0
[2015-02-19 12:42:44] EDIT happy_place/views/default/test.html: -1
[2015-02-19 12:43:30] EDIT happy_place/views/layout.html: 0
[2015-02-19 12:43:54] EDIT happy_place/views/layout.html: -12
[2015-02-19 12:49:36] EDIT happy_place/views/layout.html: -20
[2015-02-19 12:50:01] EDIT happy_place/views/layout.html: 1
[2015-02-19 12:51:26] EDIT happy_place/views/layout.html: 6
[2015-02-19 12:52:54] CREATE css/main_content.css: 0
[2015-02-19 12:53:33] EDIT happy_place/views/layout.html: 1
[2015-02-19 12:53:46] EDIT happy_place/views/layout.html: 0
[2015-02-19 12:54:42] EDIT happy_place/static/css/main_content.css: 3
[2015-02-19 12:55:14] EDIT happy_place/static/css/main_content.css: 4
[2015-02-19 12:56:54] EDIT happy_place/views/layout.html: 0
[2015-02-19 12:57:13] EDIT happy_place/views/layout.html: 1
[2015-02-19 13:06:51] EDIT happy_place/views/layout.html: 12
[2015-02-19 13:07:07] EDIT happy_place/views/default/test.html: 9
[2015-02-19 13:07:44] EDIT happy_place/views/layout.html: 1
[2015-02-19 13:08:50] EDIT happy_place/static/css/main_content.css: 1
[2015-02-19 13:11:02] EDIT happy_place/static/css/main_content.css: 3
[2015-02-19 13:11:15] EDIT happy_place/static/css/main_content.css: 0
[2015-02-19 13:11:48] EDIT happy_place/static/css/main_content.css: -1
[2015-02-19 13:12:14] EDIT happy_place/views/default/test.html: 0
[2015-02-19 13:12:17] EDIT happy_place/views/default/test.html: 0
[2015-02-19 13:12:56] EDIT happy_place/static/css/main_content.css: 1
[2015-02-19 13:13:04] EDIT happy_place/static/css/main_content.css: 0
[2015-02-19 13:13:13] EDIT happy_place/static/css/main_content.css: 0
[2015-02-19 13:13:45] EDIT happy_place/views/default/test.html: 0
[2015-02-19 13:14:12] EDIT happy_place/views/default/test.html: 2
[2015-02-19 13:14:14] EDIT happy_place/views/default/test.html: 0
[2015-02-19 13:15:12] EDIT happy_place/views/default/test.html: 8
[2015-02-19 13:16:05] EDIT happy_place/controllers/default.py: 0
[2015-02-19 13:18:16] EDIT happy_place/views/default/test.html: 3
[2015-02-19 13:18:46] EDIT happy_place/views/default/test.html: 0
[2015-02-19 13:19:11] EDIT happy_place/views/default/test.html: 0
[2015-02-19 13:19:37] EDIT happy_place/views/default/test.html: 0
[2015-02-19 13:19:52] EDIT happy_place/views/default/test.html: 11
[2015-02-19 13:20:12] EDIT happy_place/views/default/test.html: 0
[2015-02-19 13:20:57] EDIT happy_place/static/css/main_content.css: 1
[2015-02-19 13:21:02] EDIT happy_place/static/css/main_content.css: 0
[2015-02-19 13:21:12] EDIT happy_place/static/css/main_content.css: 0
[2015-02-19 13:21:23] EDIT happy_place/static/css/main_content.css: 0
[2015-02-19 13:21:33] EDIT happy_place/static/css/main_content.css: 0
[2015-02-19 13:21:40] EDIT happy_place/static/css/main_content.css: 0
[2015-02-19 13:22:31] EDIT happy_place/static/css/main_content.css: 1
[2015-02-19 13:25:24] EDIT happy_place/static/css/styles.css: 2
[2015-02-19 13:25:35] EDIT happy_place/static/css/styles.css: 0
[2015-02-19 13:25:54] EDIT happy_place/static/css/styles.css: -2
[2015-02-19 13:26:11] EDIT happy_place/static/css/styles.css: 0
[2015-02-19 13:26:13] EDIT happy_place/static/css/styles.css: 0
[2015-02-19 13:26:34] EDIT happy_place/static/css/styles.css: 2
[2015-02-19 13:26:50] EDIT happy_place/static/css/styles.css: -2
[2015-02-19 13:28:40] EDIT happy_place/views/default/test.html: 0
[2015-02-19 13:28:56] EDIT happy_place/views/default/test.html: 1
[2015-02-19 13:29:29] EDIT happy_place/views/default/test.html: 0
[2015-02-19 13:35:10] EDIT happy_place/views/default/test.html: 1
[2015-02-19 13:35:57] EDIT happy_place/views/default/test.html: 1
[2015-02-19 13:36:02] EDIT happy_place/views/default/test.html: 0
[2015-02-19 13:38:11] EDIT happy_place/views/default/test.html: 7
[2015-02-19 13:39:16] EDIT happy_place/views/default/test.html: 0
[2015-02-19 13:39:24] EDIT happy_place/views/default/test.html: -3
[2015-02-19 13:41:13] EDIT happy_place/views/default/test.html: 4
[2015-02-19 13:42:03] EDIT happy_place/views/default/test.html: -1
[2015-02-19 13:44:08] EDIT happy_place/views/default/test.html: 0
[2015-02-19 13:44:46] EDIT happy_place/views/default/test.html: 0
[2015-02-19 13:50:37] EDIT happy_place/views/default/test.html: -11
[2015-02-19 14:09:43] EDIT happy_place/views/default/test.html: 4
[2015-02-19 14:11:47] EDIT happy_place/views/layout.html: 0
[2015-02-19 14:12:08] EDIT happy_place/views/layout.html: 0
[2015-02-19 14:12:22] EDIT happy_place/views/layout.html: 0
[2015-02-19 14:12:33] EDIT happy_place/views/layout.html: 0
[2015-02-19 14:12:47] EDIT happy_place/views/layout.html: 0
[2015-02-19 14:13:01] EDIT happy_place/views/layout.html: 0
[2015-02-19 14:13:08] EDIT happy_place/views/layout.html: 0
[2015-02-19 14:13:39] EDIT happy_place/views/default/test.html: 0
[2015-02-19 14:13:48] EDIT happy_place/views/default/test.html: 0
[2015-02-19 14:13:52] EDIT happy_place/views/default/test.html: 0
[2015-02-19 14:14:29] EDIT happy_place/static/css/main_content.css: 0
[2015-02-19 14:14:39] EDIT happy_place/views/default/test.html: 0
[2015-02-19 14:14:58] EDIT happy_place/static/css/main_content.css: 0
[2015-02-19 14:15:48] EDIT happy_place/static/css/main_content.css: 1
[2015-02-19 14:16:00] EDIT happy_place/static/css/main_content.css: 0
[2015-02-19 14:16:13] EDIT happy_place/static/css/main_content.css: 1
[2015-02-19 14:16:31] EDIT happy_place/static/css/main_content.css: 0
[2015-02-19 14:28:15] UPLOAD C:/Users/USER/Documents/web2py/applications/happy_place/static/images/bg_logo.jpg: 1962
[2015-02-19 14:28:42] EDIT happy_place/views/default/test.html: 1
[2015-02-19 14:31:41] EDIT happy_place/static/css/main_content.css: 10
[2015-02-19 14:31:46] EDIT happy_place/static/css/main_content.css: 0
[2015-02-19 14:32:30] EDIT happy_place/static/css/main_content.css: 2
[2015-02-19 14:33:20] EDIT happy_place/static/css/main_content.css: 3
[2015-02-19 14:34:28] DELETE happy_place/static/images/bg_logo.jpg: -8
[2015-02-19 14:35:11] UPLOAD C:/Users/USER/Documents/web2py/applications/happy_place/static/images/bg_logo.png: 5569
[2015-02-19 14:35:21] EDIT happy_place/static/css/main_content.css: 0
[2015-02-19 14:36:15] EDIT happy_place/views/default/test.html: -1
[2015-02-19 14:36:23] EDIT happy_place/views/default/test.html: 1
[2015-02-19 14:36:36] EDIT happy_place/static/css/main_content.css: -1
[2015-02-19 14:36:54] EDIT happy_place/static/css/main_content.css: 0
[2015-02-19 14:36:59] EDIT happy_place/views/default/test.html: 0
[2015-02-19 14:40:37] EDIT happy_place/views/default/test.html: 1
[2015-02-19 14:41:04] EDIT happy_place/views/default/test.html: -1
[2015-02-19 14:41:17] EDIT happy_place/views/default/test.html: 1
[2015-02-19 14:41:35] EDIT happy_place/views/default/test.html: -1
[2015-02-19 14:42:15] EDIT happy_place/views/default/test.html: 0
[2015-02-19 16:56:09] UPLOAD C:/Users/USER/Documents/web2py/applications/happy_place/static/images/hp_log.png: 18
[2015-02-19 16:56:55] EDIT happy_place/views/layout.html: 0
[2015-02-19 16:58:54] DELETE happy_place/static/images/hp_log.png: -7
[2015-02-19 16:59:12] UPLOAD C:/Users/USER/Documents/web2py/applications/happy_place/static/images/_hp_log.png_: 14
[2015-02-19 17:04:59] DELETE happy_place/static/images/_hp_log.png_: -2
[2015-02-19 17:05:22] UPLOAD C:/Users/USER/Documents/web2py/applications/happy_place/static/images/hp_log.png: 17
[2015-02-19 17:09:49] DELETE happy_place/static/images/p_logo.png: -1
[2015-02-19 17:24:21] EDIT happy_place/controllers/default.py: 2
[2015-02-19 17:24:33] EDIT happy_place/views/default/view.html: 0
[2015-02-19 17:25:22] EDIT happy_place/controllers/default.py: 0
[2015-02-19 17:26:11] EDIT happy_place/controllers/default.py: 0
[2015-02-19 17:26:36] EDIT happy_place/controllers/default.py: 0
[2015-02-24 17:12:26] EDIT happy_place/views/layout.html: 0
[2015-02-24 17:17:18] EDIT happy_place/controllers/default.py: 1
[2015-02-24 17:18:37] EDIT happy_place/controllers/default.py: 1
[2015-02-24 17:19:30] EDIT happy_place/controllers/default.py: 0
[2015-02-24 17:20:05] EDIT happy_place/controllers/default.py: 0
[2015-02-24 17:20:36] EDIT happy_place/controllers/default.py: 0
[2015-02-24 17:22:52] EDIT happy_place/controllers/default.py: 0
[2015-02-24 17:25:03] EDIT happy_place/controllers/default.py: 1
[2015-02-24 17:25:22] EDIT happy_place/views/default/view.html: 0
[2015-02-24 17:25:33] EDIT happy_place/controllers/default.py: 0
[2015-02-24 17:26:41] EDIT happy_place/views/default/edit.html: 1
[2015-02-24 17:29:47] EDIT happy_place/models/db.py: -2
[2015-02-24 17:39:00] EDIT happy_place/models/menu.py: 1
[2015-02-24 17:39:18] EDIT happy_place/models/menu.py: 0
[2015-02-24 17:40:44] EDIT happy_place/views/layout.html: 5
[2015-02-27 15:51:06] EDIT happy_place/views/layout.html: 21
[2015-02-27 15:59:18] EDIT happy_place/views/layout.html: 0
[2015-02-27 15:59:41] EDIT happy_place/views/layout.html: 0
[2015-02-27 16:00:14] EDIT happy_place/views/layout.html: 0
[2015-02-27 16:01:02] EDIT happy_place/views/layout.html: 0
[2015-02-27 16:10:06] EDIT happy_place/views/layout.html: 0
[2015-02-27 16:10:30] EDIT happy_place/views/layout.html: 0
[2015-02-27 16:10:43] EDIT happy_place/views/layout.html: -1
[2015-02-27 16:11:42] EDIT happy_place/views/layout.html: 1
[2015-02-27 16:13:24] EDIT happy_place/views/layout.html: 0
[2015-02-27 16:14:13] EDIT happy_place/views/layout.html: -3
[2015-02-27 16:14:52] EDIT happy_place/views/layout.html: 3
[2015-02-27 16:15:10] EDIT happy_place/views/layout.html: 0
[2015-03-06 19:36:04] EDIT happy_place/views/layout.html: 0
[2015-03-06 19:36:16] EDIT happy_place/views/layout.html: 0
[2015-03-06 19:36:30] EDIT happy_place/views/layout.html: 0
[2015-03-06 19:36:30] EDIT happy_place/views/layout.html: 0
[2015-03-06 19:37:00] EDIT happy_place/views/layout.html: 0
[2015-03-06 19:37:35] EDIT happy_place/views/layout.html: -2
[2015-03-06 19:38:01] EDIT happy_place/views/layout.html: 0
[2015-03-06 19:38:14] EDIT happy_place/views/layout.html: 0
[2015-03-06 19:39:45] EDIT happy_place/views/layout.html: 0
[2015-03-06 19:40:04] EDIT happy_place/views/layout.html: -2
[2015-03-06 19:41:41] EDIT happy_place/views/layout.html: 1
[2015-03-06 19:44:02] EDIT happy_place/views/layout.html: -5
[2015-03-06 19:44:19] EDIT happy_place/views/layout.html: 0
[2015-03-06 19:44:43] EDIT happy_place/views/layout.html: 0
[2015-03-06 19:45:10] EDIT happy_place/views/layout.html: 0
[2015-03-06 19:45:47] EDIT happy_place/views/layout.html: 0
[2015-03-06 19:45:58] EDIT happy_place/views/layout.html: 0
[2015-03-06 19:46:20] EDIT happy_place/views/layout.html: 0
[2015-03-06 19:46:23] EDIT happy_place/views/layout.html: 0
[2015-03-06 19:46:42] EDIT happy_place/views/layout.html: 0
[2015-03-06 19:46:53] EDIT happy_place/views/layout.html: 0
[2015-03-06 19:49:18] EDIT happy_place/views/layout.html: -2
[2015-03-06 19:49:58] EDIT happy_place/views/layout.html: 0
[2015-03-06 19:50:24] EDIT happy_place/views/layout.html: -5
[2015-03-06 19:50:40] EDIT happy_place/views/layout.html: 0
[2015-03-06 19:51:39] EDIT happy_place/views/layout.html: 2
[2015-03-06 19:52:01] EDIT happy_place/views/layout.html: 0
[2015-03-06 19:53:02] EDIT happy_place/views/layout.html: 0
[2015-03-06 19:53:18] EDIT happy_place/views/layout.html: 0
[2015-03-06 20:00:16] EDIT happy_place/views/layout.html: 1
[2015-03-06 20:00:30] EDIT happy_place/views/layout.html: -1
[2015-03-06 20:00:48] EDIT happy_place/views/layout.html: 5
[2015-03-06 20:01:21] EDIT happy_place/views/layout.html: 0
[2015-03-06 20:02:37] EDIT happy_place/views/layout.html: 0
[2015-03-06 20:04:06] EDIT happy_place/views/layout.html: 0
[2015-03-06 20:04:49] EDIT happy_place/views/layout.html: 1
[2015-03-06 20:05:02] EDIT happy_place/views/layout.html: 0
[2015-03-06 20:05:44] EDIT happy_place/views/layout.html: 0
[2015-03-06 20:09:04] EDIT happy_place/views/layout.html: 0
[2015-03-06 20:09:48] EDIT happy_place/views/layout.html: 0
[2015-03-06 20:09:56] EDIT happy_place/views/layout.html: 0
[2015-03-06 20:10:22] EDIT happy_place/views/layout.html: 1
[2015-03-06 20:11:30] EDIT happy_place/views/layout.html: 0
[2015-03-06 20:11:56] EDIT happy_place/views/layout.html: 0
[2015-03-06 20:12:10] EDIT happy_place/views/layout.html: 0
[2015-03-06 20:12:40] EDIT happy_place/views/layout.html: 0
[2015-03-06 20:13:47] EDIT happy_place/views/layout.html: 22
[2015-03-06 20:14:03] EDIT happy_place/views/layout.html: 0
[2015-03-06 20:14:20] EDIT happy_place/views/layout.html: 0
[2015-03-06 20:14:29] EDIT happy_place/views/layout.html: 0
[2015-03-06 20:14:38] EDIT happy_place/views/layout.html: 0
[2015-03-06 20:15:06] EDIT happy_place/views/layout.html: 0
[2015-03-06 20:15:37] EDIT happy_place/views/layout.html: 0
[2015-03-06 20:15:44] EDIT happy_place/views/layout.html: 0
[2015-03-06 20:15:46] EDIT happy_place/views/layout.html: 0
[2015-03-06 20:16:06] EDIT happy_place/views/layout.html: 0
[2015-03-06 20:16:27] EDIT happy_place/views/layout.html: 0
[2015-03-06 20:16:34] EDIT happy_place/views/layout.html: 0
[2015-03-06 20:16:44] EDIT happy_place/views/layout.html: 0
[2015-03-06 20:17:06] EDIT happy_place/views/layout.html: 1
[2015-03-06 20:17:38] EDIT happy_place/views/layout.html: -5
[2015-03-06 20:20:58] EDIT happy_place/views/layout.html: -1
[2015-03-06 20:21:19] EDIT happy_place/views/layout.html: -5
[2015-03-06 20:21:32] EDIT happy_place/views/layout.html: -1
[2015-03-06 20:22:12] EDIT happy_place/views/layout.html: 0
[2015-03-06 20:22:31] EDIT happy_place/views/layout.html: 0
[2015-03-06 20:23:09] EDIT happy_place/views/layout.html: 0
[2015-03-06 20:23:33] EDIT happy_place/views/layout.html: 0
[2015-03-06 20:23:44] EDIT happy_place/views/layout.html: 0
[2015-03-06 20:24:16] EDIT happy_place/views/layout.html: -2
[2015-03-06 20:24:45] EDIT happy_place/views/layout.html: 0
[2015-03-06 20:25:04] EDIT happy_place/views/layout.html: 0
[2015-03-06 20:25:14] EDIT happy_place/views/layout.html: 0
[2015-03-06 20:25:29] EDIT happy_place/views/layout.html: 0
[2015-03-06 20:25:44] EDIT happy_place/views/layout.html: -2
[2015-03-06 20:26:51] EDIT happy_place/views/layout.html: -13
[2015-03-06 20:27:10] EDIT happy_place/views/layout.html: 0
[2015-03-06 20:27:40] EDIT happy_place/views/layout.html: -1
[2015-03-06 20:37:10] EDIT happy_place/views/layout.html: 0
[2015-03-06 20:39:12] EDIT happy_place/views/layout.html: 6
[2015-03-06 20:40:02] EDIT happy_place/views/layout.html: 0
[2015-03-06 20:40:17] EDIT happy_place/views/layout.html: 0
[2015-03-06 20:40:23] EDIT happy_place/views/layout.html: 0
[2015-03-06 20:40:35] EDIT happy_place/views/layout.html: 0
[2015-03-06 20:40:42] EDIT happy_place/views/layout.html: 0
[2015-03-06 20:40:56] EDIT happy_place/views/layout.html: 0
[2015-03-06 20:41:17] EDIT happy_place/views/layout.html: 0
[2015-03-06 20:41:27] EDIT happy_place/views/layout.html: 0
[2015-03-06 20:42:07] EDIT happy_place/views/layout.html: 1
[2015-03-06 20:42:17] EDIT happy_place/views/layout.html: -1
[2015-03-06 20:42:39] EDIT happy_place/views/layout.html: 0
[2015-03-06 20:43:10] EDIT happy_place/views/layout.html: -7
[2015-03-06 20:43:16] EDIT happy_place/views/layout.html: 7
[2015-03-06 20:43:38] EDIT happy_place/views/layout.html: 0
[2015-03-06 20:43:45] EDIT happy_place/views/layout.html: 0
[2015-03-06 20:44:57] EDIT happy_place/views/layout.html: 0
[2015-03-06 20:45:00] EDIT happy_place/views/layout.html: 0
[2015-03-06 20:45:08] EDIT happy_place/views/layout.html: 0
[2015-03-06 20:45:20] EDIT happy_place/views/layout.html: 0
[2015-03-06 20:45:28] EDIT happy_place/views/layout.html: 0
[2015-03-06 20:45:35] EDIT happy_place/views/layout.html: 0
[2015-03-06 20:45:44] EDIT happy_place/views/layout.html: 0
[2015-03-06 20:45:53] EDIT happy_place/views/layout.html: 0
[2015-03-06 20:46:08] EDIT happy_place/views/layout.html: 0
[2015-03-06 20:46:15] EDIT happy_place/views/layout.html: 0
[2015-03-06 20:46:47] EDIT happy_place/views/layout.html: 0
[2015-03-06 20:48:51] EDIT happy_place/views/layout.html: 0
[2015-03-06 20:49:13] EDIT happy_place/views/layout.html: 0
[2015-03-06 20:49:32] EDIT happy_place/views/layout.html: 0
[2015-03-06 20:49:39] EDIT happy_place/views/layout.html: 0
[2015-03-06 20:49:46] EDIT happy_place/views/layout.html: 0
[2015-03-06 20:50:09] EDIT happy_place/views/layout.html: 0
[2015-03-06 20:50:45] EDIT happy_place/views/layout.html: 0
[2015-03-06 20:53:57] EDIT happy_place/views/layout.html: 0
[2015-03-06 21:00:30] EDIT happy_place/views/layout.html: -13
[2015-03-06 21:01:44] EDIT happy_place/models/db.py: -1
[2015-03-06 21:08:39] EDIT happy_place/views/layout.html: 3
[2015-03-07 01:39:21] EDIT happy_place/views/layout.html: 0
[2015-03-07 01:39:49] EDIT happy_place/views/layout.html: 0
[2015-03-07 01:40:07] EDIT happy_place/views/layout.html: 0
[2015-03-07 01:40:33] EDIT happy_place/views/layout.html: 0
[2015-03-07 01:40:53] EDIT happy_place/views/layout.html: 0
[2015-03-07 01:41:24] EDIT happy_place/views/layout.html: 0
[2015-03-07 01:41:48] EDIT happy_place/views/layout.html: 0
[2015-03-07 01:42:05] EDIT happy_place/views/layout.html: 0
[2015-03-07 01:42:21] EDIT happy_place/views/layout.html: 0
[2015-03-07 01:45:36] EDIT happy_place/views/layout.html: 0
[2015-03-07 01:45:58] EDIT happy_place/views/layout.html: 0
[2015-03-07 01:46:13] EDIT happy_place/views/layout.html: 0
[2015-03-07 01:46:30] EDIT happy_place/views/layout.html: 0
[2015-03-07 01:47:03] EDIT happy_place/views/layout.html: 0
[2015-03-07 01:47:25] EDIT happy_place/views/layout.html: 0
[2015-03-07 01:48:19] EDIT happy_place/views/layout.html: 0
[2015-03-07 01:48:53] EDIT happy_place/views/layout.html: 0
[2015-03-07 01:48:59] EDIT happy_place/views/layout.html: 0
[2015-03-07 01:49:31] EDIT happy_place/views/layout.html: 0
[2015-03-07 01:52:18] UPLOAD C:/Users/USER/Documents/web2py/applications/happy_place/static/images/ph.png: 5569
[2015-03-07 01:53:28] EDIT happy_place/views/default/index.html: -2
[2015-03-07 01:55:09] EDIT happy_place/views/default/index.html: 2
[2015-03-07 02:03:16] EDIT happy_place/views/default/index.html: 1
[2015-03-07 02:04:00] EDIT happy_place/views/default/index.html: 0
[2015-03-07 02:04:10] EDIT happy_place/views/default/index.html: 0
[2015-03-07 02:04:44] EDIT happy_place/views/default/index.html: 0
[2015-03-07 02:05:00] EDIT happy_place/views/default/index.html: 0
[2015-03-07 02:05:22] EDIT happy_place/views/default/index.html: 0
[2015-03-07 02:05:43] EDIT happy_place/views/default/index.html: 0
[2015-03-07 02:05:54] EDIT happy_place/views/default/index.html: 0
[2015-03-07 02:06:06] EDIT happy_place/views/default/index.html: 0
[2015-03-07 02:06:57] EDIT happy_place/views/default/index.html: 1
[2015-03-07 02:07:23] EDIT happy_place/views/default/index.html: 0
[2015-03-07 02:07:45] EDIT happy_place/views/default/index.html: 0
[2015-03-07 02:08:40] EDIT happy_place/views/default/index.html: 0
[2015-03-07 02:08:56] EDIT happy_place/views/default/index.html: 0
[2015-03-07 02:10:06] EDIT happy_place/views/default/index.html: 0
[2015-03-07 02:10:17] EDIT happy_place/views/default/index.html: 0
[2015-03-07 02:12:26] EDIT happy_place/views/default/index.html: 0
[2015-03-07 02:13:00] EDIT happy_place/views/default/index.html: 0
[2015-03-07 02:13:15] EDIT happy_place/views/default/index.html: 0
[2015-03-07 02:13:32] EDIT happy_place/views/default/index.html: 0
[2015-03-07 02:14:58] EDIT happy_place/views/default/index.html: 0
[2015-03-07 02:15:10] EDIT happy_place/views/default/index.html: 0
[2015-03-07 02:16:20] EDIT happy_place/views/default/index.html: 0
[2015-03-07 02:19:19] EDIT happy_place/views/default/index.html: 0
[2015-03-07 02:20:21] EDIT happy_place/views/default/index.html: 0
[2015-03-07 02:21:01] EDIT happy_place/views/default/index.html: 1
[2015-03-07 02:21:20] EDIT happy_place/views/default/index.html: 0
[2015-03-07 02:24:05] EDIT happy_place/views/default/index.html: 7
[2015-03-07 02:24:11] EDIT happy_place/views/default/index.html: 0
[2015-03-07 02:26:43] EDIT happy_place/views/default/index.html: 11
[2015-03-07 02:26:53] EDIT happy_place/views/default/index.html: -1
[2015-03-07 02:28:45] EDIT happy_place/views/default/index.html: 0
[2015-03-07 02:30:16] EDIT happy_place/views/default/index.html: -1
[2015-03-07 02:31:09] EDIT happy_place/views/default/index.html: 1
[2015-03-07 02:31:35] EDIT happy_place/views/default/index.html: 0
[2015-03-07 02:31:39] EDIT happy_place/views/default/index.html: 0
[2015-03-07 02:31:49] EDIT happy_place/views/default/index.html: 0
[2015-03-07 02:32:17] EDIT happy_place/views/default/index.html: 3
[2015-03-07 02:32:31] EDIT happy_place/views/default/index.html: -1
[2015-03-07 02:32:39] EDIT happy_place/views/default/index.html: 1
[2015-03-07 02:32:47] EDIT happy_place/views/default/index.html: 0
[2015-03-07 02:33:01] EDIT happy_place/views/default/index.html: -3
[2015-03-07 02:33:20] EDIT happy_place/views/default/index.html: 0
[2015-03-07 02:33:40] EDIT happy_place/views/default/index.html: 0
[2015-03-07 02:34:49] EDIT happy_place/views/default/index.html: 0
[2015-03-07 02:37:12] EDIT happy_place/views/default/index.html: 2
[2015-03-07 02:37:30] EDIT happy_place/views/default/index.html: 0
[2015-03-07 02:38:33] EDIT happy_place/views/default/index.html: 0
[2015-03-07 02:38:42] EDIT happy_place/views/default/index.html: 0
[2015-03-07 02:38:52] EDIT happy_place/views/default/index.html: 0
[2015-03-07 02:39:04] EDIT happy_place/views/default/index.html: 0
[2015-03-07 02:39:30] EDIT happy_place/views/default/index.html: 2
[2015-03-07 02:40:32] EDIT happy_place/views/default/index.html: 0
[2015-03-07 02:40:40] EDIT happy_place/views/default/index.html: -2
[2015-03-07 17:19:27] EDIT happy_place/views/default/index.html: 0
[2015-03-07 17:19:43] EDIT happy_place/views/default/index.html: 0
[2015-03-07 17:19:55] EDIT happy_place/views/default/index.html: 0
[2015-03-07 17:47:33] EDIT happy_place/views/default/index.html: 2
[2015-03-07 17:47:44] EDIT happy_place/views/default/index.html: 3
[2015-03-07 17:47:56] EDIT happy_place/views/default/index.html: 1
[2015-03-07 17:48:08] EDIT happy_place/views/default/index.html: 0
[2015-03-07 17:48:24] EDIT happy_place/views/default/index.html: 0
[2015-03-07 17:48:35] EDIT happy_place/views/default/index.html: 0
[2015-03-07 17:49:21] EDIT happy_place/views/default/index.html: 0
[2015-03-07 17:49:53] EDIT happy_place/views/default/index.html: 0
[2015-03-07 17:50:17] EDIT happy_place/views/default/index.html: 0
[2015-03-07 17:51:10] EDIT happy_place/views/default/index.html: 2
[2015-03-07 17:52:47] EDIT happy_place/views/default/index.html: 15
[2015-03-07 17:53:46] EDIT happy_place/views/default/index.html: 4
[2015-03-07 17:54:01] EDIT happy_place/views/default/index.html: 1
[2015-03-07 17:54:12] EDIT happy_place/views/default/index.html: -1
[2015-03-07 17:54:59] EDIT happy_place/views/default/index.html: 1
[2015-03-07 17:55:47] EDIT happy_place/views/default/index.html: 1
[2015-03-07 17:55:55] EDIT happy_place/views/default/index.html: 0
[2015-03-07 17:56:20] EDIT happy_place/views/default/index.html: 0
[2015-03-07 17:58:43] EDIT happy_place/views/default/index.html: 0
[2015-03-07 17:59:10] EDIT happy_place/views/default/index.html: 1
[2015-03-07 17:59:29] EDIT happy_place/views/default/index.html: 0
[2015-03-07 18:00:11] EDIT happy_place/views/default/index.html: -1
[2015-03-07 18:02:27] EDIT happy_place/views/default/index.html: -1
[2015-03-07 18:03:06] EDIT happy_place/views/default/index.html: 0
[2015-03-07 18:03:16] EDIT happy_place/views/default/index.html: 0
[2015-03-07 18:03:24] EDIT happy_place/views/default/index.html: 0
[2015-03-07 18:03:43] EDIT happy_place/views/default/index.html: 2
[2015-03-07 18:03:54] EDIT happy_place/views/default/index.html: 1
[2015-03-07 18:04:13] EDIT happy_place/views/default/index.html: 8
[2015-03-07 18:04:17] EDIT happy_place/views/default/index.html: 0
[2015-03-07 18:04:34] EDIT happy_place/views/default/index.html: 0
[2015-03-07 18:04:50] EDIT happy_place/views/default/index.html: 17
[2015-03-07 18:04:55] EDIT happy_place/views/default/index.html: 0
[2015-03-07 18:05:16] EDIT happy_place/views/default/index.html: 0
[2015-03-07 18:13:01] EDIT happy_place/views/default/index.html: -8
[2015-03-07 18:13:15] EDIT happy_place/views/default/index.html: -17
[2015-03-07 18:13:43] EDIT happy_place/views/default/index.html: 0
[2015-03-07 18:13:54] EDIT happy_place/views/default/index.html: 0
[2015-03-07 18:14:23] EDIT happy_place/views/default/index.html: 0
[2015-03-07 18:15:09] EDIT happy_place/views/layout.html: 0
[2015-03-07 18:15:42] EDIT happy_place/views/default/index.html: 0
[2015-03-07 18:16:54] EDIT happy_place/views/layout.html: 0
[2015-03-07 18:17:07] EDIT happy_place/views/layout.html: 0
[2015-03-07 18:17:28] EDIT happy_place/views/layout.html: 0
[2015-03-07 18:17:49] EDIT happy_place/views/layout.html: 0
[2015-03-07 18:17:55] EDIT happy_place/views/layout.html: 0
[2015-03-07 18:18:10] EDIT happy_place/views/layout.html: 0
[2015-03-07 18:18:20] EDIT happy_place/views/layout.html: 0
[2015-03-07 18:18:31] EDIT happy_place/views/layout.html: 0
[2015-03-07 18:18:43] EDIT happy_place/views/layout.html: 0
[2015-03-09 21:41:58] EDIT HappyPlaceDelan/views/default/view.html: 21
[2015-03-09 21:43:07] EDIT HappyPlaceDelan/controllers/default.py: 78
[2015-03-09 21:45:30] EDIT HappyPlaceDelan/controllers/default.py: -3
[2015-03-09 21:47:02] EDIT HappyPlaceDelan/controllers/default.py: 0
[2015-03-09 21:53:35] EDIT HappyPlaceDelan/views/default/index.html: 1
[2015-03-09 21:54:06] EDIT HappyPlaceDelan/views/default/index.html: -1
[2015-03-09 22:01:50] EDIT HappyPlaceDelan/controllers/default.py: 2
[2015-03-09 22:09:48] EDIT HappyPlaceDelan/models/tables.py: 30
[2015-03-09 22:14:36] CREATE js/gmaps.js: 0
[2015-03-09 22:14:50] EDIT HappyPlaceDelan/static/js/gmaps.js: 1759
[2015-03-09 22:45:58] EDIT HappyMerge/views/layout.html: 0
[2015-03-09 22:50:58] EDIT HappyMerge/controllers/default.py: 5
[2015-03-09 22:51:09] EDIT HappyMerge/controllers/default.py: 0
[2015-03-09 22:51:27] EDIT HappyMerge/controllers/default.py: 0
[2015-03-09 22:51:56] EDIT HappyMerge/views/default/index.html: 0
[2015-03-09 22:52:08] EDIT HappyMerge/controllers/default.py: 0
[2015-03-09 22:57:45] EDIT HappyMerge/views/default/index.html: 3
[2015-03-09 22:58:08] EDIT HappyMerge/views/default/index.html: 0
[2015-03-09 22:58:53] EDIT HappyMerge/views/default/index.html: 0
[2015-03-09 22:59:26] EDIT HappyMerge/views/default/index.html: 0
[2015-03-09 22:59:38] EDIT HappyMerge/views/default/index.html: 0
[2015-03-09 23:01:11] EDIT HappyMerge/views/default/index.html: 4
[2015-03-09 23:01:42] EDIT HappyMerge/views/default/index.html: 0
[2015-03-09 23:02:17] EDIT HappyMerge/views/default/index.html: -3
[2015-03-09 23:02:24] EDIT HappyMerge/views/default/index.html: -2
[2015-03-09 23:02:43] EDIT HappyMerge/views/default/index.html: 0
[2015-03-09 23:02:54] EDIT HappyMerge/views/default/index.html: 0
[2015-03-09 23:03:22] EDIT HappyMerge/views/default/view.html: 0
[2015-03-09 23:03:33] EDIT HappyMerge/views/default/view.html: 0
[2015-03-09 23:03:40] EDIT HappyMerge/views/default/view.html: 0
[2015-03-09 23:03:52] EDIT HappyMerge/views/default/view.html: 0
[2015-03-09 23:04:02] EDIT HappyMerge/views/default/view.html: 0
[2015-03-09 23:04:12] EDIT HappyMerge/views/default/view.html: 0
[2015-03-09 23:09:05] EDIT HappyMerge/views/default/view.html: 0
[2015-03-09 23:12:46] EDIT HappyMerge/views/default/view.html: 1
[2015-03-09 23:13:01] EDIT HappyMerge/views/default/view.html: 0
[2015-03-09 23:13:54] EDIT HappyMerge/views/default/view.html: 0
[2015-03-09 23:14:07] EDIT HappyMerge/views/default/view.html: 0
[2015-03-09 23:14:22] EDIT HappyMerge/views/default/view.html: 0
[2015-03-09 23:14:30] EDIT HappyMerge/views/default/view.html: 0
[2015-03-09 23:16:21] EDIT HappyMerge/views/default/view.html: -1
[2015-03-09 23:24:25] EDIT HappyMerge/views/default/view.html: 17
[2015-03-09 23:24:54] EDIT HappyMerge/views/default/view.html: -2
[2015-03-09 23:25:11] EDIT HappyMerge/views/default/view.html: 0
[2015-03-09 23:25:25] EDIT HappyMerge/views/default/view.html: 0
[2015-03-09 23:25:31] EDIT HappyMerge/views/default/view.html: 0
[2015-03-09 23:25:40] EDIT HappyMerge/views/default/view.html: -15
[2015-03-09 23:25:42] EDIT HappyMerge/views/default/view.html: 0
[2015-03-09 23:29:32] EDIT HappyMerge/controllers/default.py: 6
[2015-03-09 23:31:34] EDIT HappyMerge/views/default/view.html: 5
[2015-03-09 23:31:56] EDIT HappyMerge/controllers/default.py: 0
[2015-03-09 23:34:56] EDIT HappyMerge/controllers/default.py: 0
[2015-03-09 23:35:36] EDIT HappyMerge/views/default/view.html: 0
[2015-03-09 23:35:46] EDIT HappyMerge/views/default/view.html: 0
[2015-03-10 17:11:34] EDIT HappyMerge/views/layout.html: 11
[2015-03-10 17:12:07] EDIT HappyMerge/views/layout.html: 0
[2015-03-10 17:13:55] EDIT HappyMerge/views/default/index.html: 0
[2015-03-10 17:15:28] EDIT HappyMerge/static/css/main_content.css: 3
[2015-03-10 17:18:31] EDIT HappyMerge/views/default/view.html: 0
[2015-03-10 17:18:44] EDIT HappyMerge/views/default/view.html: 0
[2015-03-10 17:19:41] EDIT HappyMerge/views/default/view.html: 2
[2015-03-10 17:20:13] EDIT HappyMerge/views/default/view.html: 5
[2015-03-10 17:20:39] EDIT HappyMerge/views/default/view.html: 0
[2015-03-10 17:21:23] EDIT HappyMerge/views/default/view.html: 0
[2015-03-10 17:21:43] EDIT HappyMerge/views/default/view.html: 1
[2015-03-10 17:22:10] EDIT HappyMerge/views/default/view.html: 1
[2015-03-10 17:22:38] EDIT HappyMerge/views/default/view.html: 1
[2015-03-10 17:23:02] EDIT HappyMerge/views/default/view.html: 0
[2015-03-10 17:23:36] EDIT HappyMerge/views/default/view.html: 0
[2015-03-10 17:23:52] EDIT HappyMerge/views/default/view.html: 1
[2015-03-10 17:23:58] EDIT HappyMerge/views/default/view.html: 0
[2015-03-10 17:24:09] EDIT HappyMerge/views/default/view.html: 0
[2015-03-10 17:24:12] EDIT HappyMerge/views/default/view.html: 0
[2015-03-10 17:25:16] EDIT HappyMerge/views/default/view.html: 1
[2015-03-10 17:25:26] EDIT HappyMerge/views/default/view.html: 0
[2015-03-10 17:25:43] EDIT HappyMerge/views/default/view.html: 2
[2015-03-10 17:26:20] EDIT HappyMerge/views/default/view.html: 6
[2015-03-10 17:26:47] EDIT HappyMerge/views/default/view.html: 0
[2015-03-10 17:27:05] EDIT HappyMerge/views/default/view.html: 1
[2015-03-10 17:27:19] EDIT HappyMerge/views/default/view.html: 0
[2015-03-10 17:28:11] EDIT HappyMerge/views/default/view.html: 0
[2015-03-10 17:29:55] EDIT HappyMerge/views/default/view.html: 0
[2015-03-10 17:30:03] EDIT HappyMerge/views/default/view.html: 0
[2015-03-10 17:30:24] EDIT HappyMerge/views/default/view.html: 0
[2015-03-10 17:31:02] EDIT HappyMerge/views/default/view.html: 0
[2015-03-10 17:31:47] EDIT HappyMerge/views/default/view.html: 0
[2015-03-10 17:32:10] EDIT HappyMerge/views/default/view.html: 0
[2015-03-10 17:32:34] EDIT HappyMerge/views/default/view.html: 0
[2015-03-10 17:33:08] EDIT HappyMerge/views/default/view.html: 0
[2015-03-10 17:33:39] EDIT HappyMerge/views/default/view.html: 0
[2015-03-10 17:33:55] EDIT HappyMerge/views/default/view.html: 0
[2015-03-10 17:34:05] EDIT HappyMerge/views/default/view.html: 0
[2015-03-10 17:42:29] EDIT HappyMerge/views/default/view.html: 0
[2015-03-10 17:43:37] EDIT HappyMerge/views/default/view.html: 0
[2015-03-10 17:44:13] EDIT HappyMerge/views/default/view.html: 0
[2015-03-10 17:44:23] EDIT HappyMerge/views/default/view.html: 0
[2015-03-10 17:44:35] EDIT HappyMerge/views/default/view.html: 0
[2015-03-10 17:48:14] EDIT HappyMerge/views/default/view.html: 0
[2015-03-10 17:48:56] EDIT HappyMerge/views/default/view.html: 1
[2015-03-10 17:49:04] EDIT HappyMerge/views/default/view.html: 0
[2015-03-10 17:50:23] EDIT HappyMerge/views/default/view.html: -5
[2015-03-10 17:50:40] EDIT HappyMerge/views/default/view.html: 0
[2015-03-10 17:51:07] EDIT HappyMerge/views/default/view.html: 0
[2015-03-10 17:51:33] EDIT HappyMerge/views/default/view.html: -2
[2015-03-10 17:55:37] EDIT HappyMerge/static/css/main_content.css: 3
[2015-03-10 17:56:46] EDIT HappyMerge/views/layout.html: 0
[2015-03-10 17:56:57] EDIT HappyMerge/views/layout.html: 0
[2015-03-10 17:57:18] EDIT HappyMerge/views/layout.html: 0
[2015-03-10 18:00:50] EDIT HappyMerge/views/default/view.html: 2
[2015-03-10 18:02:32] EDIT HappyMerge/views/default/view.html: 0
[2015-03-10 18:02:59] EDIT HappyMerge/views/default/view.html: 0
[2015-03-10 18:03:48] EDIT HappyMerge/views/default/view.html: 0
[2015-03-10 18:04:00] EDIT HappyMerge/views/default/view.html: 0
[2015-03-10 18:05:23] EDIT HappyMerge/views/layout.html: 2
[2015-03-12 09:22:54] EDIT HappyMerge/views/default/view.html: 1
[2015-03-12 09:23:33] EDIT HappyMerge/views/default/view.html: 0
[2015-03-12 09:23:42] EDIT HappyMerge/views/default/view.html: 0
[2015-03-12 09:23:51] EDIT HappyMerge/views/default/view.html: 0
[2015-03-12 09:25:08] EDIT HappyMerge/views/default/view.html: 0
[2015-03-12 09:25:33] EDIT HappyMerge/views/default/view.html: 0
[2015-03-12 09:27:02] EDIT HappyMerge/views/default/view.html: 0
[2015-03-12 09:27:31] EDIT HappyMerge/views/default/view.html: 0
[2015-03-12 09:27:43] EDIT HappyMerge/views/default/view.html: 0
[2015-03-12 09:28:24] EDIT HappyMerge/views/default/view.html: 0
[2015-03-12 09:28:34] EDIT HappyMerge/views/default/view.html: 0
[2015-03-12 09:29:10] EDIT HappyMerge/views/default/view.html: 0
[2015-03-12 09:29:18] EDIT HappyMerge/views/default/view.html: 0
[2015-03-12 09:29:30] EDIT HappyMerge/views/default/view.html: 0
[2015-03-12 09:29:45] EDIT HappyMerge/views/default/view.html: 0
[2015-03-12 09:30:10] EDIT HappyMerge/views/default/view.html: 0
[2015-03-12 09:30:27] EDIT HappyMerge/views/default/view.html: 0
[2015-03-12 09:31:35] EDIT HappyMerge/views/default/view.html: 0
[2015-03-12 09:31:44] EDIT HappyMerge/views/default/view.html: 0
[2015-03-12 09:31:58] EDIT HappyMerge/views/default/view.html: 0
[2015-03-12 09:32:55] EDIT HappyMerge/views/default/view.html: 0
[2015-03-12 09:33:09] EDIT HappyMerge/views/default/view.html: 0
[2015-03-12 09:33:14] EDIT HappyMerge/views/default/view.html: 0
[2015-03-12 09:33:25] EDIT HappyMerge/views/default/view.html: 0
[2015-03-12 09:33:33] EDIT HappyMerge/views/default/view.html: 0
[2015-03-12 09:33:36] EDIT HappyMerge/views/default/view.html: 0
[2015-03-12 09:34:00] EDIT HappyMerge/views/default/view.html: 0
[2015-03-12 09:35:11] EDIT HappyMerge/views/default/view.html: 4
[2015-03-12 09:35:19] EDIT HappyMerge/views/default/view.html: 0
[2015-03-12 09:35:30] EDIT HappyMerge/views/default/view.html: -2
[2015-03-12 09:36:20] EDIT HappyMerge/views/default/view.html: 0
[2015-03-12 09:36:27] EDIT HappyMerge/views/default/view.html: 0
[2015-03-12 11:00:57] EDIT HappyMerge/controllers/default.py: 16
[2015-03-12 11:02:18] EDIT HappyMerge/views/default/index.html: 24
[2015-03-12 11:03:02] EDIT HappyMerge/views/default/index.html: 0
[2015-03-12 11:03:35] EDIT HappyMerge/controllers/default.py: 1
[2015-03-12 11:04:15] EDIT HappyMerge/controllers/default.py: 0
[2015-03-12 11:04:40] EDIT HappyMerge/views/default/index.html: -3
[2015-03-12 11:08:04] EDIT HappyMerge/controllers/default.py: 0
[2015-03-12 11:40:28] EDIT HappyMerge/views/default/index.html: 7
[2015-03-12 11:41:34] EDIT HappyMerge/views/default/index.html: 0
[2015-03-12 11:42:07] EDIT HappyMerge/views/default/index.html: 0
[2015-03-12 11:43:10] EDIT HappyMerge/views/default/index.html: 0
[2015-03-12 11:44:02] EDIT HappyMerge/views/default/index.html: 0
[2015-03-12 11:44:25] EDIT HappyMerge/views/default/index.html: 0
[2015-03-12 11:44:43] EDIT HappyMerge/views/default/index.html: 0
[2015-03-12 11:45:03] EDIT HappyMerge/views/default/index.html: 1
[2015-03-12 11:45:15] EDIT HappyMerge/views/default/index.html: 0
[2015-03-12 11:47:13] EDIT HappyMerge/views/default/index.html: 22
[2015-03-12 11:52:52] EDIT HappyMerge/views/default/index.html: 11
[2015-03-12 11:53:30] EDIT HappyMerge/views/default/index.html: 0
[2015-03-12 11:54:41] EDIT HappyMerge/views/default/index.html: 0
[2015-03-12 11:55:32] EDIT HappyMerge/views/default/index.html: -1
[2015-03-12 11:55:41] EDIT HappyMerge/views/default/index.html: 0
[2015-03-12 11:55:53] EDIT HappyMerge/views/default/index.html: 0
[2015-03-12 11:56:35] EDIT HappyMerge/views/default/index.html: 0
[2015-03-12 11:57:08] EDIT HappyMerge/views/default/index.html: 1
[2015-03-12 11:59:23] EDIT HappyMerge/views/default/index.html: -20
[2015-03-12 12:00:39] EDIT HappyMerge/views/default/index.html: 0
[2015-03-12 12:06:09] EDIT HappyMerge/views/default/index.html: 0
[2015-03-12 12:13:01] EDIT HappyMerge/views/default/index.html: -1
[2015-03-12 12:13:14] EDIT HappyMerge/views/default/index.html: 0
[2015-03-12 12:14:27] EDIT HappyMerge/controllers/default.py: 0
[2015-03-12 12:15:23] EDIT HappyMerge/views/default/index.html: 0
[2015-03-12 12:15:26] EDIT HappyMerge/views/default/index.html: 0
[2015-03-12 12:21:19] EDIT HappyMerge/views/default/index.html: 18
[2015-03-12 12:22:13] EDIT HappyMerge/views/default/index.html: 0
[2015-03-12 12:22:32] EDIT HappyMerge/views/default/index.html: 0
[2015-03-12 12:22:54] EDIT HappyMerge/views/default/index.html: 0
[2015-03-12 12:23:23] EDIT HappyMerge/views/default/index.html: 1
[2015-03-12 12:23:39] EDIT HappyMerge/views/default/index.html: 0
[2015-03-12 12:23:54] EDIT HappyMerge/views/default/index.html: -1
[2015-03-12 12:24:05] EDIT HappyMerge/views/default/index.html: 1
[2015-03-12 12:24:20] EDIT HappyMerge/views/default/index.html: 0
[2015-03-12 12:24:55] EDIT HappyMerge/views/default/index.html: 0
[2015-03-12 12:24:59] EDIT HappyMerge/views/default/index.html: 0
[2015-03-12 12:25:12] EDIT HappyMerge/views/default/index.html: 0
[2015-03-12 12:25:20] EDIT HappyMerge/views/default/index.html: 0
[2015-03-12 12:25:30] EDIT HappyMerge/views/default/index.html: 0
[2015-03-12 12:25:40] EDIT HappyMerge/views/default/index.html: 0
[2015-03-12 12:25:47] EDIT HappyMerge/views/default/index.html: 0
[2015-03-12 12:25:56] EDIT HappyMerge/views/default/index.html: 0
[2015-03-13 10:14:37] EDIT HappyPlace/views/default/index.html: 0
[2015-03-13 10:17:39] CREATE default/add_happy_hours.html: 0
[2015-03-13 10:18:19] EDIT HappyPlace/views/default/add_happy_hours.html: 0
[2015-03-13 10:20:22] EDIT HappyPlace/controllers/default.py: 7
[2015-03-13 10:24:38] EDIT HappyPlace/views/default/view.html: 8
[2015-03-13 10:25:42] EDIT HappyPlace/controllers/default.py: 0
[2015-03-13 11:14:29] EDIT HappyPlace/models/tables.py: 0
[2015-03-13 11:16:29] EDIT HappyPlace/controllers/default.py: 0
[2015-03-13 11:18:46] EDIT HappyPlace/views/default/view.html: 0
[2015-03-13 11:19:50] EDIT HappyPlace/controllers/default.py: 0
[2015-03-13 11:22:05] EDIT HappyPlace/controllers/default.py: 1
[2015-03-13 11:24:10] EDIT HappyPlace/controllers/default.py: 1
[2015-03-13 11:31:24] EDIT HappyPlace/controllers/default.py: 25
[2015-03-13 11:33:24] EDIT HappyPlace/controllers/default.py: -1
[2015-03-13 11:35:10] EDIT HappyPlace/controllers/default.py: 1
[2015-03-13 11:36:57] EDIT HappyPlace/controllers/default.py: 0
[2015-03-13 11:39:31] EDIT HappyPlace/controllers/default.py: 0
[2015-03-13 11:40:49] EDIT HappyPlace/views/default/view.html: 1
[2015-03-13 11:53:30] EDIT HappyPlace/controllers/default.py: 0
[2015-03-13 15:52:49] EDIT HappyPlace/controllers/default.py: 71
[2015-03-13 15:53:25] EDIT HappyPlace/controllers/default.py: 0
[2015-03-13 15:53:25] EDIT HappyPlace/controllers/default.py: 0
[2015-03-13 15:53:26] EDIT HappyPlace/controllers/default.py: 0
[2015-03-13 15:53:26] EDIT HappyPlace/controllers/default.py: 0
[2015-03-13 15:53:38] EDIT HappyPlace/controllers/default.py: -1
[2015-03-13 15:59:46] EDIT HappyPlace/controllers/default.py: 2
[2015-03-13 16:00:09] EDIT HappyPlace/controllers/default.py: -1
[2015-03-13 16:00:19] EDIT HappyPlace/controllers/default.py: 0
[2015-03-13 16:03:24] EDIT HappyPlace/views/default/view.html: 0
[2015-03-13 16:05:27] EDIT HappyPlace/controllers/default.py: 0
[2015-03-13 16:09:20] EDIT HappyPlace/views/default/view.html: 0
[2015-03-13 16:10:34] EDIT HappyPlace/controllers/default.py: 0
[2015-03-13 16:10:47] EDIT HappyPlace/controllers/default.py: 0
[2015-03-13 16:12:13] EDIT HappyPlace/controllers/default.py: 0
[2015-03-13 16:19:21] EDIT HappyPlace/controllers/default.py: 0
[2015-03-13 16:29:35] EDIT HappyPlace/controllers/default.py: 2
[2015-03-13 16:29:47] EDIT HappyPlace/controllers/default.py: -2
[2015-03-13 16:29:53] EDIT HappyPlace/controllers/default.py: 2
[2015-03-13 16:30:18] EDIT HappyPlace/controllers/default.py: 0
[2015-03-13 16:30:39] EDIT HappyPlace/controllers/default.py: 0
[2015-03-13 16:33:49] EDIT HappyPlace/controllers/default.py: 1
[2015-03-13 16:34:01] EDIT HappyPlace/controllers/default.py: 0
[2015-03-13 16:34:02] EDIT HappyPlace/controllers/default.py: 0
[2015-03-13 16:34:03] EDIT HappyPlace/controllers/default.py: 0
[2015-03-13 16:34:18] EDIT HappyPlace/controllers/default.py: 0
[2015-03-13 16:38:17] EDIT HappyPlace/controllers/default.py: 0
[2015-03-13 16:43:01] EDIT HappyPlace/controllers/default.py: -3
[2015-03-13 16:53:19] EDIT HappyPlace/controllers/default.py: 1
[2015-03-13 16:54:12] EDIT HappyPlace/controllers/default.py: 0
[2015-03-13 16:54:39] EDIT HappyPlace/controllers/default.py: 0
[2015-03-13 16:54:54] EDIT HappyPlace/views/default/view.html: 0
[2015-03-13 16:57:13] EDIT HappyPlace/controllers/default.py: 0
[2015-03-13 17:01:55] EDIT HappyPlace/controllers/default.py: 0
[2015-03-13 17:08:46] EDIT HappyPlace/controllers/default.py: 0
[2015-03-13 17:10:29] EDIT HappyPlace/controllers/default.py: 1
[2015-03-13 17:10:50] EDIT HappyPlace/controllers/default.py: 2
[2015-03-13 17:11:09] EDIT HappyPlace/controllers/default.py: -4
[2015-03-13 17:12:09] EDIT HappyPlace/views/default/view.html: 0
[2015-03-13 17:12:46] EDIT HappyPlace/views/default/view.html: 0
[2015-03-13 17:14:00] EDIT HappyPlace/controllers/default.py: 0
[2015-03-13 17:14:44] EDIT HappyPlace/views/default/view.html: 0
[2015-03-13 17:14:58] EDIT HappyPlace/views/default/view.html: 0
[2015-03-13 17:16:08] EDIT HappyPlace/views/default/view.html: 0
[2015-03-13 17:24:06] EDIT HappyPlace/controllers/default.py: 0
[2015-03-14 23:40:41] EDIT HP/controllers/default.py: 0
[2015-03-14 23:40:48] EDIT HP/controllers/default.py: 0
[2015-03-14 23:42:55] EDIT HP/views/default/index.html: 0
[2015-03-14 23:43:05] EDIT HP/views/default/index.html: 0
[2015-03-14 23:44:45] EDIT HP/controllers/default.py: 72
[2015-03-14 23:44:56] EDIT HP/controllers/default.py: 0
[2015-03-14 23:47:50] EDIT HP/views/default/view.html: 0
[2015-03-14 23:48:05] EDIT HP/controllers/default.py: 2
[2015-03-14 23:50:06] EDIT HP/views/default/view.html: 0
[2015-03-14 23:51:31] EDIT HP/controllers/default.py: 1
[2015-03-14 23:52:37] EDIT HP/controllers/default.py: 0
[2015-03-14 23:53:35] EDIT HP/controllers/default.py: 0
[2015-03-14 23:53:42] EDIT HP/controllers/default.py: 0
[2015-03-14 23:54:26] EDIT HP/controllers/default.py: 1
[2015-03-14 23:56:46] EDIT HP/controllers/default.py: 0
[2015-03-15 00:03:34] EDIT HappyPlace/views/default/index.html: 0
[2015-03-15 00:04:14] EDIT HappyPlace/controllers/default.py: 0
[2015-03-15 00:04:23] EDIT HappyPlace/controllers/default.py: 0
[2015-03-15 00:04:34] EDIT HappyPlace/controllers/default.py: 0
[2015-03-15 00:06:49] EDIT HappyPlace/controllers/default.py: 1
[2015-03-15 00:07:13] EDIT HappyPlace/controllers/default.py: 0
[2015-03-15 00:12:20] EDIT HappyPlace/views/default/index.html: 0
[2015-03-15 00:15:35] EDIT HappyPlace/views/default/edit.html: 1
[2015-03-15 00:21:19] EDIT HappyPlace/controllers/default.py: -81
[2015-03-15 00:27:09] EDIT HappyPlace/controllers/default.py: 0
[2015-03-15 00:31:38] EDIT HappyPlace/controllers/default.py: 3
[2015-03-15 00:32:24] EDIT HappyPlace/controllers/default.py: 1
[2015-03-15 00:33:31] EDIT HappyPlace/models/tables.py: 0
[2015-03-15 00:34:33] EDIT HappyPlace/models/tables.py: -1
[2015-03-15 00:35:51] EDIT HappyPlace/controllers/default.py: 1
[2015-03-15 00:38:12] EDIT HappyPlace/controllers/default.py: 0
[2015-03-15 00:38:51] EDIT HappyPlace/controllers/default.py: 0
[2015-03-15 00:48:50] EDIT HappyPlace/models/tables.py: 2
[2015-03-15 00:49:10] EDIT HappyPlace/models/tables.py: 0
[2015-03-15 00:49:50] EDIT HappyPlace/models/tables.py: 1
[2015-03-15 00:49:57] EDIT HappyPlace/models/tables.py: 0
[2015-03-15 01:05:26] EDIT HappyPlace/controllers/default.py: 3
[2015-03-15 01:06:10] EDIT HappyPlace/controllers/default.py: 0
[2015-03-15 01:07:31] EDIT HappyPlace/controllers/default.py: 1
[2015-03-15 01:07:57] EDIT HappyPlace/controllers/default.py: 1
[2015-03-15 01:08:12] EDIT HappyPlace/controllers/default.py: 0
[2015-03-15 01:09:21] EDIT HappyPlace/controllers/default.py: 0
[2015-03-15 01:09:52] EDIT HappyPlace/controllers/default.py: 0
[2015-03-15 01:10:59] EDIT HappyPlace/controllers/default.py: 0
[2015-03-15 01:16:29] EDIT HappyPlace/controllers/default.py: 1
[2015-03-15 01:18:00] EDIT HappyPlace/controllers/default.py: 2
[2015-03-15 01:18:13] EDIT HappyPlace/controllers/default.py: 0
[2015-03-15 01:19:00] EDIT HappyPlace/controllers/default.py: 0
[2015-03-15 01:19:08] EDIT HappyPlace/controllers/default.py: 0
[2015-03-15 01:19:28] EDIT HappyPlace/controllers/default.py: 0
[2015-03-15 01:19:38] EDIT HappyPlace/controllers/default.py: 0
[2015-03-15 01:19:43] EDIT HappyPlace/controllers/default.py: 0
[2015-03-15 01:21:10] EDIT HappyPlace/controllers/default.py: 0
[2015-03-15 01:21:28] EDIT HappyPlace/controllers/default.py: 0
[2015-03-15 01:24:11] EDIT HappyPlace/controllers/default.py: 0
[2015-03-15 01:24:16] EDIT HappyPlace/controllers/default.py: 0
[2015-03-15 01:42:56] EDIT HappyPlace/controllers/default.py: 27
[2015-03-15 01:43:43] EDIT HappyPlace/controllers/default.py: 0
[2015-03-15 01:43:44] EDIT HappyPlace/controllers/default.py: 0
[2015-03-15 01:43:44] EDIT HappyPlace/controllers/default.py: 0
[2015-03-15 01:44:02] EDIT HappyPlace/controllers/default.py: 0
[2015-03-15 01:44:20] EDIT HappyPlace/controllers/default.py: 0
[2015-03-15 01:44:54] EDIT HappyPlace/controllers/default.py: 0
[2015-03-15 01:44:55] EDIT HappyPlace/controllers/default.py: 0
[2015-03-15 01:45:22] EDIT HappyPlace/controllers/default.py: 0
[2015-03-15 01:45:31] EDIT HappyPlace/controllers/default.py: 0
[2015-03-15 01:45:49] EDIT HappyPlace/controllers/default.py: 0
[2015-03-15 01:46:10] EDIT HappyPlace/controllers/default.py: 0
[2015-03-15 01:47:44] EDIT HappyPlace/controllers/default.py: 4
[2015-03-15 01:49:19] EDIT HappyPlace/controllers/default.py: 0
[2015-03-15 01:49:35] EDIT HappyPlace/controllers/default.py: 0
[2015-03-15 01:53:02] EDIT HappyPlace/controllers/default.py: 2
[2015-03-15 01:59:44] EDIT HappyPlace/controllers/default.py: 7
[2015-03-15 02:00:01] EDIT HappyPlace/controllers/default.py: 0
[2015-03-15 02:08:15] EDIT HappyPlace/views/default/index.html: 3
[2015-03-15 02:10:53] EDIT HappyPlace/views/default/index.html: -2
[2015-03-15 02:12:16] EDIT HappyPlace/views/default/index.html: 1
[2015-03-15 02:13:34] EDIT HappyPlace/views/default/index.html: 0
[2015-03-15 02:14:11] EDIT HappyPlace/views/default/index.html: 1
[2015-03-15 02:15:18] EDIT HappyPlace/views/default/index.html: 0
[2015-03-15 02:16:24] EDIT HappyPlace/controllers/default.py: 1
[2015-03-15 02:19:02] EDIT HappyPlace/controllers/default.py: 2
[2015-03-15 02:22:59] EDIT HappyPlace/controllers/default.py: 4
[2015-03-15 02:23:08] EDIT HappyPlace/controllers/default.py: 0
[2015-03-15 02:23:21] EDIT HappyPlace/controllers/default.py: 0
[2015-03-15 02:25:32] EDIT HappyPlace/controllers/default.py: 0
[2015-03-15 02:26:03] EDIT HappyPlace/controllers/default.py: 0
[2015-03-15 02:27:08] EDIT HappyPlace/controllers/default.py: -2
[2015-03-15 02:27:21] EDIT HappyPlace/controllers/default.py: 0
[2015-03-15 14:57:54] EDIT HappyPlace2/views/default/index.html: -11
[2015-03-15 15:05:32] EDIT HappyPlace2/views/default/index.html: 0
[2015-03-15 15:09:10] EDIT HappyPlace2/controllers/default.py: 5
[2015-03-15 15:09:30] EDIT HappyPlace2/controllers/default.py: 1
[2015-03-15 15:10:03] EDIT HappyPlace2/controllers/default.py: 0
[2015-03-15 15:10:58] EDIT HappyPlace2/controllers/default.py: 1
[2015-03-15 15:11:38] EDIT HappyPlace2/controllers/default.py: 0
[2015-03-15 15:11:55] EDIT HappyPlace2/controllers/default.py: -1
[2015-03-15 15:12:10] EDIT HappyPlace2/controllers/default.py: 0
[2015-03-15 15:12:30] EDIT HappyPlace2/controllers/default.py: 1
[2015-03-15 15:14:58] EDIT HappyPlace2/controllers/default.py: 3
[2015-03-15 15:15:12] EDIT HappyPlace2/controllers/default.py: 0
[2015-03-15 15:16:20] EDIT HappyPlace2/controllers/default.py: 5
[2015-03-15 15:16:26] EDIT HappyPlace2/controllers/default.py: 0
[2015-03-15 15:16:36] EDIT HappyPlace2/controllers/default.py: 0
[2015-03-15 15:17:05] EDIT HappyPlace2/controllers/default.py: 0
[2015-03-15 15:17:07] EDIT HappyPlace2/controllers/default.py: 0
[2015-03-15 15:17:16] EDIT HappyPlace2/controllers/default.py: 0
[2015-03-15 15:17:22] EDIT HappyPlace2/controllers/default.py: -1
[2015-03-15 15:17:31] EDIT HappyPlace2/controllers/default.py: 0
[2015-03-15 15:17:55] EDIT HappyPlace2/controllers/default.py: 0
[2015-03-15 15:22:17] EDIT HappyPlace2/models/tables.py: 0
[2015-03-15 15:22:25] EDIT HappyPlace2/models/tables.py: 0
[2015-03-15 15:22:29] EDIT HappyPlace2/controllers/default.py: 0
[2015-03-15 15:22:51] EDIT HappyPlace2/models/tables.py: 0
[2015-03-15 15:25:27] EDIT HappyPlace2/views/default/index.html: 0
[2015-03-15 15:25:50] EDIT HappyPlace2/views/default/index.html: 0
[2015-03-15 15:25:55] EDIT HappyPlace2/views/default/index.html: 0
[2015-03-15 15:26:11] EDIT HappyPlace2/views/default/index.html: -2
[2015-03-15 15:27:25] EDIT HappyPlace2/views/default/index.html: 0
[2015-03-15 15:27:50] EDIT HappyPlace2/views/default/index.html: 0
[2015-03-15 15:27:59] EDIT HappyPlace2/views/default/index.html: 0
[2015-03-15 15:28:17] EDIT HappyPlace2/controllers/default.py: 0
[2015-03-15 15:28:25] EDIT HappyPlace2/controllers/default.py: 0
[2015-03-15 15:28:40] EDIT HappyPlace2/views/default/index.html: 0
[2015-03-15 15:29:06] EDIT HappyPlace2/views/default/index.html: 0
[2015-03-15 15:29:50] EDIT HappyPlace2/views/default/index.html: 0
[2015-03-15 15:30:04] EDIT HappyPlace2/views/default/index.html: 0
[2015-03-15 15:30:12] EDIT HappyPlace2/views/default/index.html: 0
[2015-03-15 15:31:49] EDIT HappyPlace2/views/default/index.html: 0
[2015-03-15 15:43:31] EDIT HappyPlace2/views/default/index.html: 0
[2015-03-15 15:43:46] EDIT HappyPlace2/views/default/index.html: 0
[2015-03-15 15:44:58] EDIT HappyPlace2/views/default/index.html: 0
[2015-03-15 15:46:24] EDIT HappyPlace2/views/default/index.html: 0
[2015-03-15 15:46:40] EDIT HappyPlace2/views/default/index.html: 0
[2015-03-15 15:46:51] EDIT HappyPlace2/views/default/index.html: 0
[2015-03-15 15:48:02] EDIT HappyPlace2/views/default/index.html: 0
[2015-03-15 15:48:29] EDIT HappyPlace2/views/default/index.html: 0
[2015-03-15 15:48:55] EDIT HappyPlace2/views/default/index.html: 0
[2015-03-15 15:49:09] EDIT HappyPlace2/views/default/index.html: 0
[2015-03-15 15:49:28] EDIT HappyPlace2/views/default/index.html: 0
[2015-03-15 15:49:44] EDIT HappyPlace2/views/default/index.html: 0
[2015-03-15 15:50:07] EDIT HappyPlace2/views/default/index.html: 0
[2015-03-15 15:54:49] EDIT HappyPlace2/views/default/index.html: 0
[2015-03-15 16:10:02] EDIT happy_sonny/views/default/index.html: -2
[2015-03-15 16:11:16] EDIT happy_sonny/views/default/index.html: 2
[2015-03-15 16:11:31] EDIT happy_sonny/views/default/index.html: 0
[2015-03-15 16:11:44] EDIT happy_sonny/views/default/index.html: 0
[2015-03-15 16:11:58] EDIT happy_sonny/views/default/index.html: 0
[2015-03-15 16:13:03] EDIT happy_sonny/views/default/index.html: 0
[2015-03-15 16:53:18] EDIT happy_sonny/controllers/default.py: -12
[2015-03-15 16:53:20] EDIT happy_sonny/controllers/default.py: 0
[2015-03-15 16:53:37] EDIT happy_sonny/views/default/index.html: -1
[2015-03-15 16:54:33] EDIT happy_sonny/views/default/index.html: 1
[2015-03-15 16:54:39] EDIT happy_sonny/controllers/default.py: 12
[2015-03-15 22:01:06] EDIT happy_sonny/controllers/default.py: 1
[2015-03-15 22:48:11] EDIT happy_sonny/controllers/default.py: 3
[2015-03-15 22:48:46] EDIT happy_sonny/controllers/default.py: 3
[2015-03-15 22:49:03] EDIT happy_sonny/controllers/default.py: 1
[2015-03-15 22:49:34] EDIT happy_sonny/controllers/default.py: 1
[2015-03-15 22:49:44] EDIT happy_sonny/controllers/default.py: -1
[2015-03-15 22:50:07] EDIT happy_sonny/controllers/default.py: 0
[2015-03-16 18:55:18] EDIT Happy/controllers/default.py: 0
[2015-03-16 18:55:50] EDIT Happy/views/default/view.html: 0
[2015-03-16 18:59:48] EDIT Happy/views/default/view.html: 7
[2015-03-16 19:00:54] EDIT Happy/views/default/view.html: 0
[2015-03-16 19:01:09] EDIT Happy/views/default/view.html: -1
[2015-03-16 19:02:02] EDIT Happy/views/default/view.html: 0
[2015-03-16 19:02:52] EDIT Happy/views/default/view.html: 0
[2015-03-16 19:03:18] EDIT Happy/views/default/view.html: 0
[2015-03-16 19:04:29] EDIT Happy/views/default/view.html: 9
[2015-03-16 19:05:26] EDIT Happy/views/default/view.html: 0
[2015-03-16 19:05:49] EDIT Happy/views/default/view.html: 0
[2015-03-16 19:06:15] EDIT Happy/views/default/view.html: 1
[2015-03-16 19:06:21] EDIT Happy/views/default/view.html: 0
[2015-03-16 19:06:33] EDIT Happy/views/default/view.html: 0
[2015-03-16 20:46:20] UPLOAD C:/Users/USER/Documents/web2py/applications/Happy/static/images/logo.png: 31
[2015-03-16 20:46:46] EDIT Happy/views/layout.html: 0
[2015-03-16 20:47:10] EDIT Happy/views/layout.html: 0
[2015-03-16 20:47:24] EDIT Happy/views/layout.html: 0
[2015-03-16 23:08:58] DELETE Happy/static/images/logo.png: -1
[2015-03-16 23:09:17] UPLOAD C:/Users/USER/Documents/web2py/applications/Happy/static/images/logo.png: 19
[2015-03-16 23:11:39] DELETE Happy/static/images/logo.png: -2
[2015-03-16 23:12:01] UPLOAD C:/Users/USER/Documents/web2py/applications/Happy/static/images/logo.png: 47
[2015-03-16 23:12:26] EDIT Happy/views/layout.html: 0
[2015-03-16 23:12:42] EDIT Happy/views/layout.html: 0
[2015-03-16 23:47:32] EDIT Happy/views/default/index.html: 0
[2015-03-16 23:51:19] EDIT Happy/views/default/index.html: 0
[2015-03-16 23:51:50] EDIT Happy/views/default/index.html: 0
[2015-03-16 23:52:41] EDIT Happy/views/default/index.html: 0
[2015-03-16 23:52:53] EDIT Happy/views/default/index.html: 0
[2015-03-16 23:54:08] EDIT Happy/views/layout.html: 0
[2015-03-16 23:54:37] EDIT Happy/views/default/index.html: 0
[2015-03-16 23:55:09] EDIT Happy/views/default/index.html: 0
[2015-03-17 00:04:04] EDIT Happy/views/layout.html: 0
[2015-03-17 00:05:26] EDIT Happy/views/default/index.html: 0
[2015-03-17 00:06:21] EDIT Happy/views/default/index.html: 0
[2015-03-17 00:06:37] EDIT Happy/views/default/index.html: 0
[2015-03-17 00:07:04] EDIT Happy/views/default/index.html: 1
[2015-03-17 00:07:08] EDIT Happy/views/default/index.html: 0
[2015-03-17 00:07:11] EDIT Happy/views/default/index.html: 0
[2015-03-17 00:07:21] EDIT Happy/views/default/index.html: 0
[2015-03-17 00:07:51] EDIT Happy/views/default/index.html: 0
[2015-03-17 00:08:20] EDIT Happy/views/default/index.html: 1
[2015-03-17 00:08:26] EDIT Happy/views/default/index.html: 0
[2015-03-17 00:08:36] EDIT Happy/views/default/index.html: 0
[2015-03-17 00:08:43] EDIT Happy/views/default/index.html: -1
[2015-03-17 00:09:13] EDIT Happy/views/layout.html: 0
[2015-03-17 00:09:25] EDIT Happy/views/layout.html: 0
[2015-03-17 00:10:41] EDIT Happy/views/default/view.html: 0
[2015-03-17 00:10:59] EDIT Happy/views/default/view.html: 0
[2015-03-17 00:11:10] EDIT Happy/views/default/view.html: 0
[2015-03-17 00:11:24] EDIT Happy/views/default/view.html: 0
[2015-03-17 00:11:36] EDIT Happy/views/default/view.html: 0
[2015-03-17 00:11:46] EDIT Happy/views/default/view.html: 0
[2015-03-17 00:13:11] EDIT Happy/views/layout.html: 0
[2015-03-17 00:13:27] EDIT Happy/views/layout.html: 0
[2015-03-17 00:13:36] EDIT Happy/views/layout.html: 0
[2015-03-17 00:14:41] EDIT Happy/views/layout.html: 0
[2015-03-17 00:14:58] EDIT Happy/views/layout.html: 0
[2015-03-17 00:15:32] EDIT Happy/views/layout.html: 0
[2015-03-17 00:15:42] EDIT Happy/views/layout.html: 0
[2015-03-17 00:15:52] EDIT Happy/views/layout.html: 0
[2015-03-17 00:16:10] EDIT Happy/views/layout.html: 0
[2015-03-17 00:16:25] EDIT Happy/views/layout.html: 0
[2015-03-17 00:16:43] EDIT Happy/views/layout.html: 0
[2015-03-17 00:16:54] EDIT Happy/views/layout.html: 0
[2015-03-17 00:17:01] EDIT Happy/views/layout.html: 0
[2015-03-17 00:17:05] EDIT Happy/views/layout.html: 0
[2015-03-17 00:17:25] EDIT Happy/views/layout.html: 0
[2015-03-17 00:18:04] EDIT Happy/views/layout.html: 0
[2015-03-17 00:18:22] EDIT Happy/views/layout.html: 0
[2015-03-17 00:18:33] EDIT Happy/views/layout.html: 0
[2015-03-17 00:18:58] EDIT Happy/views/layout.html: 0
[2015-03-17 00:19:35] EDIT Happy/views/default/view.html: 0
[2015-03-17 00:20:04] EDIT Happy/views/default/view.html: 0
[2015-03-17 00:20:16] EDIT Happy/views/default/view.html: 0
[2015-03-17 00:20:39] EDIT Happy/views/default/view.html: 0
[2015-03-17 00:22:03] EDIT Happy/static/css/main_content.css: 8
[2015-03-17 00:22:08] EDIT Happy/static/css/main_content.css: 0
[2015-03-17 00:22:08] EDIT Happy/static/css/main_content.css: 0
[2015-03-17 00:22:10] EDIT Happy/static/css/main_content.css: 0
[2015-03-17 00:22:52] EDIT Happy/views/default/index.html: 0
[2015-03-17 00:23:06] EDIT Happy/static/css/main_content.css: -8
[2015-03-17 00:23:16] EDIT Happy/views/default/view.html: 0
[2015-03-17 00:23:25] EDIT Happy/views/default/view.html: 0
[2015-03-17 00:23:41] EDIT Happy/views/default/view.html: 0
[2015-03-17 00:23:58] EDIT Happy/views/default/view.html: 0
[2015-03-17 00:24:44] EDIT Happy/views/default/view.html: -1
[2015-03-17 00:25:01] EDIT Happy/views/default/view.html: 1
[2015-03-17 00:25:16] EDIT Happy/views/default/view.html: 0
[2015-03-17 00:25:30] EDIT Happy/views/default/view.html: 1
[2015-03-17 00:27:03] EDIT Happy/views/layout.html: 0
[2015-03-17 00:28:12] EDIT Happy/views/default/index.html: 0
[2015-03-17 00:40:24] EDIT Happy/views/default/index.html: 0
[2015-03-17 00:40:27] EDIT Happy/views/default/index.html: 0
[2015-03-17 00:40:34] EDIT Happy/views/default/index.html: 0
[2015-03-17 00:40:41] EDIT Happy/views/default/index.html: 0
[2015-03-17 00:51:56] EDIT Happy/models/tables.py: -1
[2015-03-17 00:53:41] EDIT Happy/models/tables.py: 2
[2015-03-17 00:56:04] EDIT Happy/models/tables.py: -1
[2015-03-17 15:07:04] EDIT HappyTap/controllers/default.py: 0
[2015-03-17 15:23:03] EDIT HappyTap/controllers/default.py: 2
[2015-03-17 15:23:36] EDIT HappyTap/controllers/default.py: 4
[2015-03-17 15:23:36] EDIT HappyTap/controllers/default.py: 0
[2015-03-17 15:27:39] EDIT HappyTap/controllers/default.py: 5
[2015-03-17 16:16:57] EDIT HappyTap/controllers/default.py: 1
[2015-03-17 16:25:54] EDIT HappyTap/controllers/default.py: 0
[2015-03-17 16:41:59] EDIT HappyTap/models/tables.py: 0
[2015-03-17 16:45:22] EDIT HappyTap/views/default/index.html: 0
[2015-03-18 05:25:07] EDIT HappyTap/views/default/index.html: 3
[2015-03-18 05:25:39] EDIT HappyTap/views/default/index.html: 1
[2015-03-18 05:25:42] EDIT HappyTap/views/default/index.html: 0
[2015-03-18 05:25:52] EDIT HappyTap/controllers/default.py: -12
[2015-03-18 05:26:45] EDIT HappyTap/views/default/view.html: 3
[2015-03-18 05:26:54] EDIT HappyTap/views/default/view.html: 0
[2015-03-18 05:27:34] EDIT HappyTap/views/default/view.html: 2
[2015-03-18 05:27:59] EDIT HappyTap/views/default/view.html: 1
[2015-03-18 05:28:23] EDIT HappyTap/views/default/add_happy_hours.html: 1
[2015-03-18 05:28:56] EDIT HappyTap/views/default/create.html: 1
[2015-03-18 05:29:31] EDIT HappyTap/controllers/default.py: 1
[2015-03-18 05:29:42] EDIT HappyTap/models/tables.py: 0
[2015-03-18 05:32:04] EDIT HappyTap/controllers/default.py: -3
[2015-03-18 05:32:05] EDIT HappyTap/views/layout.html: 1
[2015-03-18 05:33:21] EDIT HappyTap/controllers/default.py: 1
[2015-03-18 05:38:15] EDIT HappyTap/controllers/default.py: 5
[2015-03-18 05:43:54] EDIT HappyTap/controllers/default.py: -5
[2015-03-18 05:44:37] EDIT HappyTap/controllers/default.py: -7
[2015-03-18 05:48:46] EDIT HappyTap/controllers/default.py: -3
[2015-03-18 05:50:46] EDIT HappyTap/controllers/default.py: 2
[2015-03-18 05:51:27] EDIT HappyTap/controllers/default.py: 0
[2015-03-18 05:53:42] EDIT HappyTap/controllers/default.py: 3
[2015-03-18 05:53:49] EDIT HappyTap/controllers/default.py: -2
[2015-03-18 05:55:09] EDIT HappyTap/controllers/default.py: 0
[2015-03-18 05:55:32] EDIT HappyTap/controllers/default.py: 0
